This is pdfTeX, Version 3.141592653-2.6-1.40.25 (TeX Live 2023) (preloaded format=pdflatex 2024.1.12)  21 JAN 2024 18:44
entering extended mode
 restricted \write18 enabled.
 %&-line parsing enabled.
**refman
(./refman.tex
LaTeX2e <2022-11-01> patch level 1
L3 programming layer <2023-02-22>
(/usr/share/texlive/texmf-dist/tex/latex/base/book.cls
Document Class: book 2022/07/02 v1.4n Standard LaTeX document class
(/usr/share/texlive/texmf-dist/tex/latex/base/bk10.clo
File: bk10.clo 2022/07/02 v1.4n Standard LaTeX file (size option)
)
\c@part=\count185
\c@chapter=\count186
\c@section=\count187
\c@subsection=\count188
\c@subsubsection=\count189
\c@paragraph=\count190
\c@subparagraph=\count191
\c@figure=\count192
\c@table=\count193
\abovecaptionskip=\skip48
\belowcaptionskip=\skip49
\bibindent=\dimen140
)
(/usr/share/texlive/texmf-dist/tex/latex/base/ifthen.sty
Package: ifthen 2022/04/13 v1.1d Standard LaTeX ifthen package (DPC)
)
(/usr/share/texlive/texmf-dist/tex/latex/tools/array.sty
Rollback for package 'array' requested -> date 2016-10-06.
         Best approximation is the release introduced on 2016-10-06.

(/usr/share/texlive/texmf-dist/tex/latex/tools/array-2016-10-06.sty
Package: array 2016/10/06 v2.4d Tabular extension package (FMi)
\col@sep=\dimen141
\extrarowheight=\dimen142
\NC@list=\toks16
\extratabsurround=\skip50
\backup@length=\skip51
))
(/usr/share/texlive/texmf-dist/tex/generic/infwarerr/infwarerr.sty
package info suppressed
)
(./doxygen.sty
Package: doxygen 
 (/usr/share/texlive/texmf-dist/tex/latex/base/alltt.sty
Package: alltt 2021/01/29 v2.0g defines alltt environment
)
(/usr/share/texlive/texmf-dist/tex/latex/tools/calc.sty
Package: calc 2017/05/25 v4.3 Infix arithmetic (KKT,FJ)
\calc@Acount=\count194
\calc@Bcount=\count195
\calc@Adimen=\dimen143
\calc@Bdimen=\dimen144
\calc@Askip=\skip52
\calc@Bskip=\skip53
LaTeX Info: Redefining \setlength on input line 80.
LaTeX Info: Redefining \addtolength on input line 81.
\calc@Ccount=\count196
\calc@Cskip=\skip54
)
(/usr/share/texlive/texmf-dist/tex/latex/float/float.sty
Package: float 2001/11/08 v1.3d Float enhancements (AL)
\c@float@type=\count197
\float@exts=\toks17
\float@box=\box51
\@float@everytoks=\toks18
\@floatcapt=\box52
)
(/usr/share/texlive/texmf-dist/tex/latex/tools/verbatim.sty
Package: verbatim 2022-07-02 v1.5u LaTeX2e package for verbatim enhancements
\every@verbatim=\toks19
\verbatim@line=\toks20
\verbatim@in@stream=\read2
)
(/usr/share/texlive/texmf-dist/tex/latex/xcolor/xcolor.sty
Package: xcolor 2022/06/12 v2.14 LaTeX color extensions (UK)

(/usr/share/texlive/texmf-dist/tex/latex/graphics-cfg/color.cfg
File: color.cfg 2016/01/02 v1.6 sample color configuration
)
Package xcolor Info: Driver file: pdftex.def on input line 227.

(/usr/share/texlive/texmf-dist/tex/latex/graphics-def/pdftex.def
File: pdftex.def 2022/09/22 v1.2b Graphics/color driver for pdftex
)
(/usr/share/texlive/texmf-dist/tex/latex/colortbl/colortbl.sty
Package: colortbl 2022/06/20 v1.0f Color table columns (DPC)
\everycr=\toks21
\minrowclearance=\skip55
\rownum=\count198
)
(/usr/share/texlive/texmf-dist/tex/latex/graphics/mathcolor.ltx)
Package xcolor Info: Model `cmy' substituted by `cmy0' on input line 1353.
Package xcolor Info: Model `hsb' substituted by `rgb' on input line 1357.
Package xcolor Info: Model `RGB' extended on input line 1369.
Package xcolor Info: Model `HTML' substituted by `rgb' on input line 1371.
Package xcolor Info: Model `Hsb' substituted by `hsb' on input line 1372.
Package xcolor Info: Model `tHsb' substituted by `hsb' on input line 1373.
Package xcolor Info: Model `HSB' substituted by `hsb' on input line 1374.
Package xcolor Info: Model `Gray' substituted by `gray' on input line 1375.
Package xcolor Info: Model `wave' substituted by `hsb' on input line 1376.
)
(./longtable_doxygen.sty
Package: longtable_doxygen 2014/10/28 v4.11 Multi-page Table package (DPC) - fr
ozen version for doxygen
\LTleft=\skip56
\LTright=\skip57
\LTpre=\skip58
\LTpost=\skip59
\LTchunksize=\count199
\LTcapwidth=\dimen145
\LT@head=\box53
\LT@firsthead=\box54
\LT@foot=\box55
\LT@lastfoot=\box56
\LT@cols=\count266
\LT@rows=\count267
\c@LT@tables=\count268
\c@LT@chunks=\count269
\LT@p@ftn=\toks22
) (./tabu_doxygen.sty
Package: tabu_doxygen 2011/02/26 v2.8 - flexible LaTeX tabulars (FC), frozen ve
rsion for doxygen

(/usr/share/texlive/texmf-dist/tex/latex/varwidth/varwidth.sty
Package: varwidth 2009/03/30 ver 0.92;  Variable-width minipages
\@vwid@box=\box57
\sift@deathcycles=\count270
\@vwid@loff=\dimen146
\@vwid@roff=\dimen147
)
\c@taburow=\count271
\tabu@nbcols=\count272
\tabu@cnt=\count273
\tabu@Xcol=\count274
\tabu@alloc=\count275
\tabu@nested=\count276
\tabu@target=\dimen148
\tabu@spreadtarget=\dimen149
\tabu@naturalX=\dimen150
\tabucolX=\dimen151
\tabu@Xsum=\dimen152
\extrarowdepth=\dimen153
\abovetabulinesep=\dimen154
\belowtabulinesep=\dimen155
\tabustrutrule=\dimen156
\tabu@thebody=\toks23
\tabu@footnotes=\toks24
\tabu@box=\box58
\tabu@arstrutbox=\box59
\tabu@hleads=\box60
\tabu@vleads=\box61
\tabu@cellskip=\skip60
)
(/usr/share/texlive/texmf-dist/tex/latex/fancyvrb/fancyvrb.sty
Package: fancyvrb 2023/01/19 4.5a verbatim text (tvz,hv)

(/usr/share/texlive/texmf-dist/tex/latex/graphics/keyval.sty
Package: keyval 2022/05/29 v1.15 key=value parser (DPC)
\KV@toks@=\toks25
)
\FV@CodeLineNo=\count277
\FV@InFile=\read3
\FV@TabBox=\box62
\c@FancyVerbLine=\count278
\FV@StepNumber=\count279
\FV@OutFile=\write3
)
(/usr/share/texlive/texmf-dist/tex/latex/tools/tabularx.sty
Package: tabularx 2020/01/15 v2.11c `tabularx' package (DPC)
\TX@col@width=\dimen157
\TX@old@table=\dimen158
\TX@old@col=\dimen159
\TX@target=\dimen160
\TX@delta=\dimen161
\TX@cols=\count280
\TX@ftn=\toks26
)
(/usr/share/texlive/texmf-dist/tex/latex/tools/multicol.sty
Package: multicol 2021/11/30 v1.9d multicolumn formatting (FMi)
\c@tracingmulticols=\count281
\mult@box=\box63
\multicol@leftmargin=\dimen162
\c@unbalance=\count282
\c@collectmore=\count283
\doublecol@number=\count284
\multicoltolerance=\count285
\multicolpretolerance=\count286
\full@width=\dimen163
\page@free=\dimen164
\premulticols=\dimen165
\postmulticols=\dimen166
\multicolsep=\skip61
\multicolbaselineskip=\skip62
\partial@page=\box64
\last@line=\box65
\maxbalancingoverflow=\dimen167
\mult@rightbox=\box66
\mult@grightbox=\box67
\mult@firstbox=\box68
\mult@gfirstbox=\box69
\@tempa=\box70
\@tempa=\box71
\@tempa=\box72
\@tempa=\box73
\@tempa=\box74
\@tempa=\box75
\@tempa=\box76
\@tempa=\box77
\@tempa=\box78
\@tempa=\box79
\@tempa=\box80
\@tempa=\box81
\@tempa=\box82
\@tempa=\box83
\@tempa=\box84
\@tempa=\box85
\@tempa=\box86
\@tempa=\box87
\@tempa=\box88
\@tempa=\box89
\@tempa=\box90
\@tempa=\box91
\@tempa=\box92
\@tempa=\box93
\@tempa=\box94
\@tempa=\box95
\@tempa=\box96
\@tempa=\box97
\@tempa=\box98
\@tempa=\box99
\@tempa=\box100
\@tempa=\box101
\@tempa=\box102
\@tempa=\box103
\@tempa=\box104
\@tempa=\box105
\c@minrows=\count287
\c@columnbadness=\count288
\c@finalcolumnbadness=\count289
\last@try=\dimen168
\multicolovershoot=\dimen169
\multicolundershoot=\dimen170
\mult@nat@firstbox=\box106
\colbreak@box=\box107
\mc@col@check@num=\count290
)
(/usr/share/texlive/texmf-dist/tex/latex/multirow/multirow.sty
Package: multirow 2021/03/15 v2.8 Span multiple rows of a table
\multirow@colwidth=\skip63
\multirow@cntb=\count291
\multirow@dima=\skip64
\bigstrutjot=\dimen171
)
(/usr/share/texlive/texmf-dist/tex/latex/hanging/hanging.sty
Package: hanging 2009/09/02 v1.2b hanging paragraphs and punctuation
\h@ngcommawd=\skip65
\h@ngfstopwd=\skip66
\h@ngquotewd=\skip67
\h@ngdquotewd=\skip68
\h@ngquerywd=\skip69
\h@ngexclwd=\skip70
\h@ngcolonwd=\skip71
\h@ngscolonwd=\skip72
)
(/usr/share/texlive/texmf-dist/tex/generic/iftex/ifpdf.sty
Package: ifpdf 2019/10/25 v3.4 ifpdf legacy package. Use iftex instead.

(/usr/share/texlive/texmf-dist/tex/generic/iftex/iftex.sty
Package: iftex 2022/02/03 v1.0f TeX engine tests
))
(/usr/share/texlive/texmf-dist/tex/latex/adjustbox/adjustbox.sty
Package: adjustbox 2022/10/17 v1.3a Adjusting TeX boxes (trim, clip, ...)

(/usr/share/texlive/texmf-dist/tex/latex/xkeyval/xkeyval.sty
Package: xkeyval 2022/06/16 v2.9 package option processing (HA)

(/usr/share/texlive/texmf-dist/tex/generic/xkeyval/xkeyval.tex
(/usr/share/texlive/texmf-dist/tex/generic/xkeyval/xkvutils.tex
\XKV@toks=\toks27
\XKV@tempa@toks=\toks28
)
\XKV@depth=\count292
File: xkeyval.tex 2014/12/03 v2.7a key=value parser (HA)
))
(/usr/share/texlive/texmf-dist/tex/latex/adjustbox/adjcalc.sty
Package: adjcalc 2012/05/16 v1.1 Provides advanced setlength with multiple back
-ends (calc, etex, pgfmath)
)
(/usr/share/texlive/texmf-dist/tex/latex/adjustbox/trimclip.sty
Package: trimclip 2020/08/19 v1.2 Trim and clip general TeX material

(/usr/share/texlive/texmf-dist/tex/latex/graphics/graphicx.sty
Package: graphicx 2021/09/16 v1.2d Enhanced LaTeX Graphics (DPC,SPQR)

(/usr/share/texlive/texmf-dist/tex/latex/graphics/graphics.sty
Package: graphics 2022/03/10 v1.4e Standard LaTeX Graphics (DPC,SPQR)

(/usr/share/texlive/texmf-dist/tex/latex/graphics/trig.sty
Package: trig 2021/08/11 v1.11 sin cos tan (DPC)
)
(/usr/share/texlive/texmf-dist/tex/latex/graphics-cfg/graphics.cfg
File: graphics.cfg 2016/06/04 v1.11 sample graphics configuration
)
Package graphics Info: Driver file: pdftex.def on input line 107.
)
\Gin@req@height=\dimen172
\Gin@req@width=\dimen173
)
(/usr/share/texlive/texmf-dist/tex/latex/collectbox/collectbox.sty
Package: collectbox 2022/10/17 v0.4c Collect macro arguments as boxes
\collectedbox=\box108
)
\tc@llx=\dimen174
\tc@lly=\dimen175
\tc@urx=\dimen176
\tc@ury=\dimen177
Package trimclip Info: Using driver 'tc-pdftex.def'.

(/usr/share/texlive/texmf-dist/tex/latex/adjustbox/tc-pdftex.def
File: tc-pdftex.def 2019/01/04 v2.2 Clipping driver for pdftex
))
\adjbox@Width=\dimen178
\adjbox@Height=\dimen179
\adjbox@Depth=\dimen180
\adjbox@Totalheight=\dimen181
\adjbox@pwidth=\dimen182
\adjbox@pheight=\dimen183
\adjbox@pdepth=\dimen184
\adjbox@ptotalheight=\dimen185

(/usr/share/texlive/texmf-dist/tex/latex/ifoddpage/ifoddpage.sty
Package: ifoddpage 2022/10/18 v1.2 Conditionals for odd/even page detection
\c@checkoddpage=\count293
))
(/usr/share/texlive/texmf-dist/tex/latex/amsfonts/amssymb.sty
Package: amssymb 2013/01/14 v3.01 AMS font symbols

(/usr/share/texlive/texmf-dist/tex/latex/amsfonts/amsfonts.sty
Package: amsfonts 2013/01/14 v3.01 Basic AMSFonts support
\@emptytoks=\toks29
\symAMSa=\mathgroup4
\symAMSb=\mathgroup5
LaTeX Font Info:    Redeclaring math symbol \hbar on input line 98.
LaTeX Font Info:    Overwriting math alphabet `\mathfrak' in version `bold'
(Font)                  U/euf/m/n --> U/euf/b/n on input line 106.
))
(/usr/share/texlive/texmf-dist/tex/latex/stackengine/stackengine.sty
Package: stackengine 2021/07/22 v4.11\ Stacking text and objects in convenient 
ways

(/usr/share/texlive/texmf-dist/tex/latex/etoolbox/etoolbox.sty
Package: etoolbox 2020/10/05 v2.5k e-TeX tools for LaTeX (JAW)
\etb@tempcnta=\count294
)
(/usr/share/texlive/texmf-dist/tex/generic/listofitems/listofitems.sty
(/usr/share/texlive/texmf-dist/tex/generic/listofitems/listofitems.tex
\loi_cnt_foreach_nest=\count295
\loi_nestcnt=\count296
)
Package: listofitems 2019/08/21 v1.63 Grab items in lists using user-specified 
sep char (CT)
)
\c@@stackindex=\count297
\@boxshift=\skip73
\stack@tmplength=\skip74
\temp@stkl=\skip75
\@stackedboxwidth=\skip76
\@addedbox=\box109
\@anchorbox=\box110
\@insetbox=\box111
\se@backgroundbox=\box112
\stackedbox=\box113
\@centerbox=\box114
\c@ROWcellindex@=\count298
)
(/usr/share/texlive/texmf-dist/tex/latex/enumitem/enumitem.sty
Package: enumitem 2019/06/20 v3.9 Customized lists
\labelindent=\skip77
\enit@outerparindent=\dimen186
\enit@toks=\toks30
\enit@inbox=\box115
\enit@count@id=\count299
\enitdp@description=\count300
)
(/usr/share/texlive/texmf-dist/tex/generic/alphalph/alphalph.sty
Package: alphalph 2019/12/09 v2.6 Convert numbers to letters (HO)

(/usr/share/texlive/texmf-dist/tex/generic/intcalc/intcalc.sty
Package: intcalc 2019/12/15 v1.3 Expandable calculations with integers (HO)
))
(/usr/share/texlive/texmf-dist/tex/generic/ulem/ulem.sty
\UL@box=\box116
\UL@hyphenbox=\box117
\UL@skip=\skip78
\UL@hook=\toks31
\UL@height=\dimen187
\UL@pe=\count301
\UL@pixel=\dimen188
\ULC@box=\box118
Package: ulem 2019/11/18
\ULdepth=\dimen189
)
\xrefbox=\box119
\xreflength=\skip79
\CodeWidthChar=\skip80
\CodeHeightChar=\skip81
\DoxyCodeWidth=\skip82
\c@DoxyEnumeratei=\count302
\c@DoxyEnumerateii=\count303
\c@DoxyEnumerateiii=\count304
\c@DoxyEnumerateiv=\count305
\c@DoxyEnumeratev=\count306
\c@DoxyEnumeratevi=\count307
\c@DoxyEnumeratevii=\count308
\c@DoxyEnumerateviii=\count309
\c@DoxyEnumerateix=\count310
\c@DoxyEnumeratex=\count311
\c@DoxyEnumeratexi=\count312
\c@DoxyEnumeratexii=\count313
\enitdp@DoxyEnumerate=\count314
\enitdp@DoxyItemize=\count315
\c@subsubsubsection=\count316
\c@subsubsubsubsection=\count317
\c@subsubsubsubsubsection=\count318
\c@subsubsubsubsubsubsection=\count319
)
(/usr/share/texlive/texmf-dist/tex/latex/base/inputenc.sty
Package: inputenc 2021/02/14 v1.3d Input encoding file
\inpenc@prehook=\toks32
\inpenc@posthook=\toks33
)
(/usr/share/texlive/texmf-dist/tex/latex/base/makeidx.sty
Package: makeidx 2021/10/04 v1.0m Standard LaTeX package
)
(/usr/share/texlive/texmf-dist/tex/latex/base/textcomp.sty
Package: textcomp 2020/02/02 v2.0n Standard LaTeX package
)
(/usr/share/texlive/texmf-dist/tex/latex/wasysym/wasysym.sty
Package: wasysym 2020/01/19 v2.4 Wasy-2 symbol support package
\symwasy=\mathgroup6
LaTeX Font Info:    Overwriting symbol font `wasy' in version `bold'
(Font)                  U/wasy/m/n --> U/wasy/b/n on input line 93.
)
(/usr/share/texlive/texmf-dist/tex/generic/iftex/ifxetex.sty
Package: ifxetex 2019/10/25 v0.7 ifxetex legacy package. Use iftex instead.
)
(/usr/share/texlive/texmf-dist/tex/latex/base/fontenc.sty
Package: fontenc 2021/04/29 v2.0v Standard LaTeX package
)
(/usr/share/texlive/texmf-dist/tex/latex/psnfss/helvet.sty
Package: helvet 2020/03/25 PSNFSS-v9.3 (WaS) 
)
(/usr/share/texlive/texmf-dist/tex/latex/psnfss/courier.sty
Package: courier 2020/03/25 PSNFSS-v9.3 (WaS) 
)
(/usr/share/texlive/texmf-dist/tex/latex/geometry/geometry.sty
Package: geometry 2020/01/02 v5.9 Page Geometry

(/usr/share/texlive/texmf-dist/tex/generic/iftex/ifvtex.sty
Package: ifvtex 2019/10/25 v1.7 ifvtex legacy package. Use iftex instead.
)
\Gm@cnth=\count320
\Gm@cntv=\count321
\c@Gm@tempcnt=\count322
\Gm@bindingoffset=\dimen190
\Gm@wd@mp=\dimen191
\Gm@odd@mp=\dimen192
\Gm@even@mp=\dimen193
\Gm@layoutwidth=\dimen194
\Gm@layoutheight=\dimen195
\Gm@layouthoffset=\dimen196
\Gm@layoutvoffset=\dimen197
\Gm@dimlist=\toks34
)
(/usr/share/texlive/texmf-dist/tex/latex/changepage/changepage.sty
Package: changepage 2009/10/20 v1.0c check page and change page layout
\c@cp@cntr=\count323
\cp@tempcnt=\count324
LaTeX Info: Redefining \checkoddpage on input line 59.
)
(/usr/share/texlive/texmf-dist/tex/latex/fancyhdr/fancyhdr.sty
Package: fancyhdr 2022/11/09 v4.1 Extensive control of page headers and footers

\f@nch@headwidth=\skip83
\f@nch@O@elh=\skip84
\f@nch@O@erh=\skip85
\f@nch@O@olh=\skip86
\f@nch@O@orh=\skip87
\f@nch@O@elf=\skip88
\f@nch@O@erf=\skip89
\f@nch@O@olf=\skip90
\f@nch@O@orf=\skip91
)
(/usr/share/texlive/texmf-dist/tex/latex/natbib/natbib.sty
Package: natbib 2010/09/13 8.31b (PWD, AO)
\bibhang=\skip92
\bibsep=\skip93
LaTeX Info: Redefining \cite on input line 694.
\c@NAT@ctr=\count325
)
(/usr/share/texlive/texmf-dist/tex/latex/tocloft/tocloft.sty
Package: tocloft 2017/08/31 v2.3i parameterised ToC, etc., typesetting
Package tocloft Info: The document has chapter divisions on input line 51.
\cftparskip=\skip94
\cftbeforetoctitleskip=\skip95
\cftaftertoctitleskip=\skip96
\cftbeforepartskip=\skip97
\cftpartnumwidth=\skip98
\cftpartindent=\skip99
\cftbeforechapskip=\skip100
\cftchapindent=\skip101
\cftchapnumwidth=\skip102
\cftbeforesecskip=\skip103
\cftsecindent=\skip104
\cftsecnumwidth=\skip105
\cftbeforesubsecskip=\skip106
\cftsubsecindent=\skip107
\cftsubsecnumwidth=\skip108
\cftbeforesubsubsecskip=\skip109
\cftsubsubsecindent=\skip110
\cftsubsubsecnumwidth=\skip111
\cftbeforeparaskip=\skip112
\cftparaindent=\skip113
\cftparanumwidth=\skip114
\cftbeforesubparaskip=\skip115
\cftsubparaindent=\skip116
\cftsubparanumwidth=\skip117
\cftbeforeloftitleskip=\skip118
\cftafterloftitleskip=\skip119
\cftbeforefigskip=\skip120
\cftfigindent=\skip121
\cftfignumwidth=\skip122
\c@lofdepth=\count326
\c@lotdepth=\count327
\cftbeforelottitleskip=\skip123
\cftafterlottitleskip=\skip124
\cftbeforetabskip=\skip125
\cfttabindent=\skip126
\cfttabnumwidth=\skip127
)
\@indexfile=\write4
\openout4 = `refman.idx'.


Writing index file refman.idx
(/usr/share/texlive/texmf-dist/tex/latex/newunicodechar/newunicodechar.sty
Package: newunicodechar 2018/04/08 v1.2 Defining Unicode characters
)
(/usr/share/texlive/texmf-dist/tex/latex/hyperref/hyperref.sty
Package: hyperref 2023-02-07 v7.00v Hypertext links for LaTeX

(/usr/share/texlive/texmf-dist/tex/generic/ltxcmds/ltxcmds.sty
Package: ltxcmds 2020-05-10 v1.25 LaTeX kernel commands for general use (HO)
)
(/usr/share/texlive/texmf-dist/tex/generic/pdftexcmds/pdftexcmds.sty
Package: pdftexcmds 2020-06-27 v0.33 Utility functions of pdfTeX for LuaTeX (HO
)
Package pdftexcmds Info: \pdf@primitive is available.
Package pdftexcmds Info: \pdf@ifprimitive is available.
Package pdftexcmds Info: \pdfdraftmode found.
)
(/usr/share/texlive/texmf-dist/tex/latex/kvsetkeys/kvsetkeys.sty
Package: kvsetkeys 2022-10-05 v1.19 Key value parser (HO)
)
(/usr/share/texlive/texmf-dist/tex/generic/kvdefinekeys/kvdefinekeys.sty
Package: kvdefinekeys 2019-12-19 v1.6 Define keys (HO)
)
(/usr/share/texlive/texmf-dist/tex/generic/pdfescape/pdfescape.sty
Package: pdfescape 2019/12/09 v1.15 Implements pdfTeX's escape features (HO)
)
(/usr/share/texlive/texmf-dist/tex/latex/hycolor/hycolor.sty
Package: hycolor 2020-01-27 v1.10 Color options for hyperref/bookmark (HO)
)
(/usr/share/texlive/texmf-dist/tex/latex/letltxmacro/letltxmacro.sty
Package: letltxmacro 2019/12/03 v1.6 Let assignment for LaTeX macros (HO)
)
(/usr/share/texlive/texmf-dist/tex/latex/auxhook/auxhook.sty
Package: auxhook 2019-12-17 v1.6 Hooks for auxiliary files (HO)
)
(/usr/share/texlive/texmf-dist/tex/latex/hyperref/nameref.sty
Package: nameref 2022-05-17 v2.50 Cross-referencing by name of section

(/usr/share/texlive/texmf-dist/tex/latex/refcount/refcount.sty
Package: refcount 2019/12/15 v3.6 Data extraction from label references (HO)
)
(/usr/share/texlive/texmf-dist/tex/generic/gettitlestring/gettitlestring.sty
Package: gettitlestring 2019/12/15 v1.6 Cleanup title references (HO)

(/usr/share/texlive/texmf-dist/tex/latex/kvoptions/kvoptions.sty
Package: kvoptions 2022-06-15 v3.15 Key value format for package options (HO)
))
\c@section@level=\count328
)
\@linkdim=\dimen198
\Hy@linkcounter=\count329
\Hy@pagecounter=\count330

(/usr/share/texlive/texmf-dist/tex/latex/hyperref/pd1enc.def
File: pd1enc.def 2023-02-07 v7.00v Hyperref: PDFDocEncoding definition (HO)
Now handling font encoding PD1 ...
... no UTF-8 mapping file for font encoding PD1
)
(/usr/share/texlive/texmf-dist/tex/generic/etexcmds/etexcmds.sty
Package: etexcmds 2019/12/15 v1.7 Avoid name clashes with e-TeX commands (HO)
)
\Hy@SavedSpaceFactor=\count331

(/usr/share/texlive/texmf-dist/tex/latex/hyperref/puenc.def
File: puenc.def 2023-02-07 v7.00v Hyperref: PDF Unicode definition (HO)
Now handling font encoding PU ...
... no UTF-8 mapping file for font encoding PU
)
Package hyperref Info: Hyper figures OFF on input line 4177.
Package hyperref Info: Link nesting OFF on input line 4182.
Package hyperref Info: Hyper index ON on input line 4185.
Package hyperref Info: Plain pages OFF on input line 4192.
Package hyperref Info: Backreferencing ON on input line 4195.
Package hyperref Info: Implicit mode ON; LaTeX internals redefined.
Package hyperref Info: Bookmarks ON on input line 4425.

(/usr/share/texlive/texmf-dist/tex/latex/hyperref/backref.sty
Package: backref 2021/02/04 v1.41 Bibliographical back referencing

(/usr/share/texlive/texmf-dist/tex/latex/rerunfilecheck/rerunfilecheck.sty
Package: rerunfilecheck 2022-07-10 v1.10 Rerun checks for auxiliary files (HO)

(/usr/share/texlive/texmf-dist/tex/latex/base/atveryend-ltx.sty
Package: atveryend-ltx 2020/08/19 v1.0a Emulation of the original atveryend pac
kage
with kernel methods
)
(/usr/share/texlive/texmf-dist/tex/generic/uniquecounter/uniquecounter.sty
Package: uniquecounter 2019/12/15 v1.4 Provide unlimited unique counter (HO)

(/usr/share/texlive/texmf-dist/tex/generic/bigintcalc/bigintcalc.sty
Package: bigintcalc 2019/12/15 v1.5 Expandable calculations on big integers (HO
)
))
Package uniquecounter Info: New unique counter `rerunfilecheck' on input line 2
85.
))
\c@Hy@tempcnt=\count332

(/usr/share/texlive/texmf-dist/tex/latex/url/url.sty
\Urlmuskip=\muskip16
Package: url 2013/09/16  ver 3.4  Verb mode for urls, etc.
)
LaTeX Info: Redefining \url on input line 4763.
\XeTeXLinkMargin=\dimen199

(/usr/share/texlive/texmf-dist/tex/generic/bitset/bitset.sty
Package: bitset 2019/12/09 v1.3 Handle bit-vector datatype (HO)
)
\Fld@menulength=\count333
\Field@Width=\dimen256
\Fld@charsize=\dimen257
Package hyperref Info: Hyper figures OFF on input line 6042.
Package hyperref Info: Link nesting OFF on input line 6047.
Package hyperref Info: Hyper index ON on input line 6050.
Package hyperref Info: backreferencing ON on input line 6055.
Package hyperref Info: Link coloring OFF on input line 6062.
Package hyperref Info: Link coloring with OCG OFF on input line 6067.
Package hyperref Info: PDF/A mode OFF on input line 6072.

(/usr/share/texlive/texmf-dist/tex/latex/base/atbegshi-ltx.sty
Package: atbegshi-ltx 2021/01/10 v1.0c Emulation of the original atbegshi
package with kernel methods
)
\Hy@abspage=\count334
\c@Item=\count335
\c@Hfootnote=\count336
)
Package hyperref Info: Driver: hpdftex.

(/usr/share/texlive/texmf-dist/tex/latex/hyperref/hpdftex.def
File: hpdftex.def 2023-02-07 v7.00v Hyperref driver for pdfTeX
\Fld@listcount=\count337
\c@bookmark@seq@number=\count338
\Hy@SectionHShift=\skip128
)
Package hyperref Info: Option `colorlinks' set `true' on input line 161.
Package hyperref Info: Option `unicode' set `true' on input line 161.

(/usr/share/texlive/texmf-dist/tex/latex/caption/caption.sty
Package: caption 2023/03/12 v3.6j Customizing captions (AR)

(/usr/share/texlive/texmf-dist/tex/latex/caption/caption3.sty
Package: caption3 2023/03/12 v2.4 caption3 kernel (AR)
\caption@tempdima=\dimen258
\captionmargin=\dimen259
\caption@leftmargin=\dimen260
\caption@rightmargin=\dimen261
\caption@width=\dimen262
\caption@indent=\dimen263
\caption@parindent=\dimen264
\caption@hangindent=\dimen265
Package caption Info: Standard document class detected.
)
\c@caption@flags=\count339
\c@continuedfloat=\count340
Package caption Info: changepage package is loaded.
\caption@adjustwidth@hsize=\dimen266
\caption@adjustwidth@linewidth=\dimen267
Package caption Info: float package is loaded.
Package caption Info: hyperref package is loaded.
Package caption Info: longtable package is loaded.

(/usr/share/texlive/texmf-dist/tex/latex/caption/ltcaption.sty
Package: ltcaption 2021/01/08 v1.4c longtable captions (AR)
))
(./etoc_doxygen.sty
Package: etoc_doxygen 2023/07/01 v1.2b Completely customisable TOCs (JFB)
\Etoc@toctoks=\toks35
\c@etoc@tocid=\count341
\etoc@framed@titlebox=\box120
\etoc@framed@contentsbox=\box121
)
LaTeX Font Info:    Trying to load font information for T1+phv on input line 18
3.
 (/usr/share/texlive/texmf-dist/tex/latex/psnfss/t1phv.fd
File: t1phv.fd 2020/03/25 scalable font definitions for T1/phv.
)
LaTeX Font Info:    Font shape `T1/phv/m/n' will be
(Font)              scaled to size 8.99994pt on input line 183.

(/usr/share/texlive/texmf-dist/tex/latex/l3backend/l3backend-pdftex.def
File: l3backend-pdftex.def 2023-01-16 L3 backend support: PDF output (pdfTeX)
\l__color_backend_stack_int=\count342
\l__pdf_internal_box=\box122
)
(./refman.aux)
\openout1 = `refman.aux'.

LaTeX Font Info:    Checking defaults for OML/cmm/m/it on input line 183.
LaTeX Font Info:    ... okay on input line 183.
LaTeX Font Info:    Checking defaults for OMS/cmsy/m/n on input line 183.
LaTeX Font Info:    ... okay on input line 183.
LaTeX Font Info:    Checking defaults for OT1/cmr/m/n on input line 183.
LaTeX Font Info:    ... okay on input line 183.
LaTeX Font Info:    Checking defaults for T1/cmr/m/n on input line 183.
LaTeX Font Info:    ... okay on input line 183.
LaTeX Font Info:    Checking defaults for TS1/cmr/m/n on input line 183.
LaTeX Font Info:    ... okay on input line 183.
LaTeX Font Info:    Checking defaults for OMX/cmex/m/n on input line 183.
LaTeX Font Info:    ... okay on input line 183.
LaTeX Font Info:    Checking defaults for U/cmr/m/n on input line 183.
LaTeX Font Info:    ... okay on input line 183.
LaTeX Font Info:    Checking defaults for PD1/pdf/m/n on input line 183.
LaTeX Font Info:    ... okay on input line 183.
LaTeX Font Info:    Checking defaults for PU/pdf/m/n on input line 183.
LaTeX Font Info:    ... okay on input line 183.

(/usr/share/texlive/texmf-dist/tex/context/base/mkii/supp-pdf.mkii
[Loading MPS to PDF converter (version 2006.09.02).]
\scratchcounter=\count343
\scratchdimen=\dimen268
\scratchbox=\box123
\nofMPsegments=\count344
\nofMParguments=\count345
\everyMPshowfont=\toks36
\MPscratchCnt=\count346
\MPscratchDim=\dimen269
\MPnumerator=\count347
\makeMPintoPDFobject=\count348
\everyMPtoPDFconversion=\toks37
) (/usr/share/texlive/texmf-dist/tex/latex/epstopdf-pkg/epstopdf-base.sty
Package: epstopdf-base 2020-01-24 v2.11 Base part for package epstopdf
Package epstopdf-base Info: Redefining graphics rule for `.eps' on input line 4
85.

(/usr/share/texlive/texmf-dist/tex/latex/latexconfig/epstopdf-sys.cfg
File: epstopdf-sys.cfg 2010/07/13 v1.3 Configuration of (r)epstopdf for TeX Liv
e
))
*geometry* driver: auto-detecting
*geometry* detected driver: pdftex
*geometry* verbose mode - [ preamble ] result:
* driver: pdftex
* paper: a4paper
* layout: <same size as paper>
* layoutoffset:(h,v)=(0.0pt,0.0pt)
* modes: twoside 
* h-part:(L,W,R)=(71.13188pt, 455.24411pt, 71.13188pt)
* v-part:(T,H,B)=(71.13188pt, 702.78308pt, 71.13188pt)
* \paperwidth=597.50787pt
* \paperheight=845.04684pt
* \textwidth=455.24411pt
* \textheight=702.78308pt
* \oddsidemargin=-1.1381pt
* \evensidemargin=-1.1381pt
* \topmargin=-31.2056pt
* \headheight=12.0pt
* \headsep=18.06749pt
* \topskip=10.0pt
* \footskip=25.29494pt
* \marginparwidth=125.0pt
* \marginparsep=7.0pt
* \columnsep=10.0pt
* \skip\footins=9.0pt plus 4.0pt minus 2.0pt
* \hoffset=0.0pt
* \voffset=0.0pt
* \mag=1000
* \@twocolumnfalse
* \@twosidetrue
* \@mparswitchtrue
* \@reversemarginfalse
* (1in=72.27pt=25.4mm, 1cm=28.453pt)

Package backref Info: ** backref set up for natbib ** on input line 183.
Package hyperref Info: Link coloring ON on input line 183.
(./refman.out) (./refman.out)
\@outlinefile=\write5
\openout5 = `refman.out'.

Package caption Info: Begin \AtBeginDocument code.
Package caption Info: End \AtBeginDocument code.
\Etoc@tf=\read4
Package hyperref Info: Option `pageanchor' set `false' on input line 191.
Package hyperref Info: Option `bookmarksnumbered' set `true' on input line 191.

Package hyperref Info: Option `unicode' set `true' on input line 191.
LaTeX Font Info:    Font shape `T1/phv/m/n' will be
(Font)              scaled to size 12.9599pt on input line 196.
LaTeX Font Info:    Font shape `T1/phv/m/n' will be
(Font)              scaled to size 10.79993pt on input line 197.
LaTeX Font Info:    Font shape `T1/phv/m/n' will be
(Font)              scaled to size 6.29996pt on input line 197.
LaTeX Font Info:    Trying to load font information for U+msa on input line 197
.

(/usr/share/texlive/texmf-dist/tex/latex/amsfonts/umsa.fd
File: umsa.fd 2013/01/14 v3.01 AMS symbols A
)
LaTeX Font Info:    Trying to load font information for U+msb on input line 197
.

(/usr/share/texlive/texmf-dist/tex/latex/amsfonts/umsb.fd
File: umsb.fd 2013/01/14 v3.01 AMS symbols B
)
LaTeX Font Info:    Trying to load font information for U+wasy on input line 19
7.

(/usr/share/texlive/texmf-dist/tex/latex/wasysym/uwasy.fd
File: uwasy.fd 2020/01/19 v2.4 Wasy-2 symbol font definitions
)
LaTeX Font Info:    Font shape `T1/phv/m/n' will be
(Font)              scaled to size 8.09995pt on input line 201.
 [1


{/var/lib/texmf/fonts/map/pdftex/updmap/pdftex.map}{/usr/share/texlive/texmf-di
st/fonts/enc/dvips/base/8r.enc}] [2

]
\tf@toc=\write6
\openout6 = `refman.toc'.

LaTeX Font Info:    Font shape `T1/phv/b/n' will be
(Font)              scaled to size 8.99994pt on input line 207.
LaTeX Font Info:    Trying to load font information for TS1+phv on input line 2
07.
 (/usr/share/texlive/texmf-dist/tex/latex/psnfss/ts1phv.fd
File: ts1phv.fd 2020/03/25 scalable font definitions for TS1/phv.
)
LaTeX Font Info:    Font shape `TS1/phv/m/n' will be
(Font)              scaled to size 8.99994pt on input line 207.
LaTeX Font Info:    Font shape `T1/phv/b/n' will be
(Font)              scaled to size 6.29996pt on input line 207.

[1] [2] [3] [4] [5] [6]
Package hyperref Info: Option `pageanchor' set `true' on input line 210.
 (./md_README.tex
Chapter 1.
LaTeX Font Info:    Font shape `T1/phv/m/n' will be
(Font)              scaled to size 18.66588pt on input line 1.
LaTeX Font Info:    Font shape `T1/phv/b/n' will be
(Font)              scaled to size 18.66588pt on input line 1.
LaTeX Font Info:    Font shape `T1/phv/b/n' will be
(Font)              scaled to size 22.39185pt on input line 1.
LaTeX Font Info:    Font shape `T1/phv/b/n' will be
(Font)              scaled to size 12.9599pt on input line 5.
LaTeX Font Info:    Font shape `TS1/phv/b/n' will be
(Font)              scaled to size 8.99994pt on input line 6.
[1


]
LaTeX Font Info:    Font shape `T1/phv/b/n' will be
(Font)              scaled to size 10.79993pt on input line 42.
LaTeX Font Info:    Trying to load font information for T1+pcr on input line 43
.
 (/usr/share/texlive/texmf-dist/tex/latex/psnfss/t1pcr.fd
File: t1pcr.fd 2001/06/04 font definitions for T1/pcr.
) [2]
Overfull \hbox (106.35526pt too wide) in paragraph at lines 120--120
[]    \T1/pcr/m/n/9 ./build-fs/tcfs-fuse-module/tcfs -s /fullpath/sourcedir -d 
/fullpath/destdir -p "your password here"[] 
 []

LaTeX Font Info:    Font shape `TS1/phv/b/n' will be
(Font)              scaled to size 10.79993pt on input line 123.
[3]) (./deprecated.tex [4]
Chapter 2.
) (./todo.tex [5

] [6

]
Chapter 3.
) [7] [8

]
Chapter 4.
(./namespaces.tex) [9] [10

]
Chapter 5.
(./annotated.tex) [11] [12

]
Chapter 6.
(./files.tex) [13] [14

]
Chapter 7.
(./namespacecommand__handler.tex)
(./namespacecommand__handler_1_1enviroinment.tex
LaTeX Font Info:    Font shape `T1/phv/m/n' will be
(Font)              scaled to size 7.19995pt on input line 17.
LaTeX Font Info:    Font shape `T1/pcr/m/it' in size <8> not available
(Font)              Font shape `T1/pcr/m/sl' tried instead on input line 17.
 <./namespacecommand__handler_1_1enviroinment_a8036811b5b79bce2e21a023ef33d4786
_icgraph.pdf>
<namespacecommand__handler_1_1enviroinment_a8036811b5b79bce2e21a023ef33d4786_ic
graph.pdf, id=1399, 512.91624pt x 100.375pt>
File: namespacecommand__handler_1_1enviroinment_a8036811b5b79bce2e21a023ef33d47
86_icgraph.pdf Graphic file (type pdf)
<use namespacecommand__handler_1_1enviroinment_a8036811b5b79bce2e21a023ef33d478
6_icgraph.pdf>
Package pdftex.def Info: namespacecommand__handler_1_1enviroinment_a8036811b5b7
9bce2e21a023ef33d4786_icgraph.pdf  used on input line 31.
(pdftex.def)             Requested size: 350.0pt x 68.49301pt.
 <./namespacecommand__handler_1_1enviroinment_a79405ba6d662be42ecaacf8469b76494
_cgraph.pdf>
<namespacecommand__handler_1_1enviroinment_a79405ba6d662be42ecaacf8469b76494_cg
raph.pdf, id=1410, 512.91624pt x 100.375pt>
File: namespacecommand__handler_1_1enviroinment_a79405ba6d662be42ecaacf8469b764
94_cgraph.pdf Graphic file (type pdf)
<use namespacecommand__handler_1_1enviroinment_a79405ba6d662be42ecaacf8469b7649
4_cgraph.pdf>
Package pdftex.def Info: namespacecommand__handler_1_1enviroinment_a79405ba6d66
2be42ecaacf8469b76494_cgraph.pdf  used on input line 52.
(pdftex.def)             Requested size: 350.0pt x 68.49301pt.
)
(./namespacemain.tex [15] [16]) (./namespaceui.tex)
(./namespaceui_1_1main__window.tex) [17] [18

]
Chapter 8.
(./structargp.tex) (./structarguments.tex <./structarguments__coll__graph.pdf>
<structarguments__coll__graph.pdf, id=1510, 201.75375pt x 192.72pt>
File: structarguments__coll__graph.pdf Graphic file (type pdf)
<use structarguments__coll__graph.pdf>
Package pdftex.def Info: structarguments__coll__graph.pdf  used on input line 1
4.
(pdftex.def)             Requested size: 201.0pt x 192.00198pt.
LaTeX Font Info:    Font shape `T1/phv/m/it' in size <9> not available
(Font)              Font shape `T1/phv/m/sl' tried instead on input line 21.
LaTeX Font Info:    Font shape `T1/phv/m/sl' will be
(Font)              scaled to size 8.09995pt on input line 21.

[19]) (./classui_1_1main__window_1_1Window.tex [20] [21]) [22]
Chapter 9.
(./tcfs__kmodule_8c.tex) (./tcfs__kmodule_8c_source.tex) (./README_8md.tex)
(./key-tools_8go.tex) (./key-tools_8go_source.tex [23

] [24]) (./db_8go.tex)
(./db_8go_source.tex [25] [26]) (./main__test_8go.tex)
(./main__test_8go_source.tex [27] [28]
Overfull \hbox (1349.93243pt too wide) in paragraph at lines 170--170
\T1/pcr/m/n/7 KEY-----$\OMS/cmsy/m/n/7 n$\T1/pcr/m/n/7 nMIIBIjANBgkqhkiG9w0BAQE
FAAOCAQ8AMIIBCgKCAQEAzJy21YMY4pGMWRJwQvZe$\OMS/cmsy/m/n/7 n$\T1/pcr/m/n/7 n7gXI
uvPS5JeCxXXn/6xCsC5aeHlojP+/nLd+f1339Vrz1hXOJO1hEjFLsO8ZQCWk$\OMS/cmsy/m/n/7 n$
\T1/pcr/m/n/7 nMpSSrMjy/z1/dg0U58yN9h1yitHtmeXSdEmU/UdLeTN5ztoRKJYTF3cywG4Bo6u/
$\OMS/cmsy/m/n/7 n$\T1/pcr/m/n/7 nMCCowctVGSMUXibhbEbRVdxzQMm9I3AgEV6gD5UBLiAyu
EkD7sLD/nolnJKP9hvi$\OMS/cmsy/m/n/7 n$\T1/pcr/m/n/7 nvvPvw982G/Kbe+Prs0FlJ9zPw4
b+eSt7cNRUW+sRWRoUsC9Yuu2Gqs/8P1p8EY+S$\OMS/cmsy/m/n/7 n$\T1/pcr/m/n/7 n+pfTa7k
jIILGR/DnbDglr2WdYS2/5CMXTV0qKRMt0HFt+5eSF/Te4gsm3E2SvJKZ$\OMS/cmsy/m/n/7 n$\T1
/pcr/m/n/7 nCQIDAQAB$\OMS/cmsy/m/n/7 n$\T1/pcr/m/n/7 n-----END 
 []

[29]) (./REST__functions_8go.tex) (./REST__functions_8go_source.tex [30]
[31] [32]) (./tcfs-daemon_8go.tex) (./tcfs-daemon_8go_source.tex [33])
(./tcfs-user_8go.tex) (./tcfs-user_8go_source.tex) (./enviroinment_8py.tex)
(./enviroinment_8py_source.tex [34]) (./main_8py.tex) (./main_8py_source.tex)
(./tcfs__helper__tools_8c.tex <./tcfs__helper__tools_8c__incl.pdf>
<tcfs__helper__tools_8c__incl.pdf, id=2591, 691.58376pt x 224.84pt>
File: tcfs__helper__tools_8c__incl.pdf Graphic file (type pdf)
<use tcfs__helper__tools_8c__incl.pdf>
Package pdftex.def Info: tcfs__helper__tools_8c__incl.pdf  used on input line 1
3.
(pdftex.def)             Requested size: 350.0pt x 113.78859pt.
 [35]
LaTeX Font Info:    Font shape `T1/phv/m/it' in size <7> not available
(Font)              Font shape `T1/phv/m/sl' tried instead on input line 37.
LaTeX Font Info:    Font shape `T1/phv/m/sl' will be
(Font)              scaled to size 6.29996pt on input line 37.

[36]
LaTeX Font Info:    Font shape `T1/phv/bc/n' will be
(Font)              scaled to size 8.99994pt on input line 55.

Underfull \hbox (badness 10000) detected at line 55
[][][]
 []

 <./tcfs__helper__tools_8c_acfa06becac8f67e9f278cfcbf91cc51b_icgraph.pdf>
<tcfs__helper__tools_8c_acfa06becac8f67e9f278cfcbf91cc51b_icgraph.pdf, id=2679,
 501.875pt x 100.375pt>
File: tcfs__helper__tools_8c_acfa06becac8f67e9f278cfcbf91cc51b_icgraph.pdf Grap
hic file (type pdf)
<use tcfs__helper__tools_8c_acfa06becac8f67e9f278cfcbf91cc51b_icgraph.pdf>
Package pdftex.def Info: tcfs__helper__tools_8c_acfa06becac8f67e9f278cfcbf91cc5
1b_icgraph.pdf  used on input line 100.
(pdftex.def)             Requested size: 350.0pt x 70.00316pt.

Underfull \hbox (badness 10000) detected at line 113
[][][]
 []

 <./tcfs__helper__tools_8c_ae930b52ef70f640efde8bda574b6b234_cgraph.pdf>
<tcfs__helper__tools_8c_ae930b52ef70f640efde8bda574b6b234_cgraph.pdf, id=2691, 
519.9425pt x 138.5175pt>
File: tcfs__helper__tools_8c_ae930b52ef70f640efde8bda574b6b234_cgraph.pdf Graph
ic file (type pdf)
<use tcfs__helper__tools_8c_ae930b52ef70f640efde8bda574b6b234_cgraph.pdf>
Package pdftex.def Info: tcfs__helper__tools_8c_ae930b52ef70f640efde8bda574b6b2
34_cgraph.pdf  used on input line 132.
(pdftex.def)             Requested size: 350.0pt x 93.24374pt.

[37] <./tcfs__helper__tools_8c_ae930b52ef70f640efde8bda574b6b234_icgraph.pdf>
<tcfs__helper__tools_8c_ae930b52ef70f640efde8bda574b6b234_icgraph.pdf, id=2710,
 510.90875pt x 112.42pt>
File: tcfs__helper__tools_8c_ae930b52ef70f640efde8bda574b6b234_icgraph.pdf Grap
hic file (type pdf)
<use tcfs__helper__tools_8c_ae930b52ef70f640efde8bda574b6b234_icgraph.pdf>
Package pdftex.def Info: tcfs__helper__tools_8c_ae930b52ef70f640efde8bda574b6b2
34_icgraph.pdf  used on input line 139.
(pdftex.def)             Requested size: 350.0pt x 77.01237pt.

[38]
Underfull \hbox (badness 10000) detected at line 157
[][][]
 []

 <./tcfs__helper__tools_8c_ab3cdcc12b3bc92a382784027c94a2027_icgraph.pdf>
<tcfs__helper__tools_8c_ab3cdcc12b3bc92a382784027c94a2027_icgraph.pdf, id=2732,
 791.95876pt x 112.42pt>
File: tcfs__helper__tools_8c_ab3cdcc12b3bc92a382784027c94a2027_icgraph.pdf Grap
hic file (type pdf)
<use tcfs__helper__tools_8c_ab3cdcc12b3bc92a382784027c94a2027_icgraph.pdf>
Package pdftex.def Info: tcfs__helper__tools_8c_ab3cdcc12b3bc92a382784027c94a20
27_icgraph.pdf  used on input line 172.
(pdftex.def)             Requested size: 350.0pt x 49.6828pt.

Underfull \hbox (badness 10000) detected at line 185
[][][]
 []

 <./tcfs__helper__tools_8c_a769edcf066efb97f5ae3a81e3507a793_cgraph.pdf>
<tcfs__helper__tools_8c_a769edcf066efb97f5ae3a81e3507a793_cgraph.pdf, id=2747, 
763.85374pt x 226.8475pt>
File: tcfs__helper__tools_8c_a769edcf066efb97f5ae3a81e3507a793_cgraph.pdf Graph
ic file (type pdf)
<use tcfs__helper__tools_8c_a769edcf066efb97f5ae3a81e3507a793_cgraph.pdf>
Package pdftex.def Info: tcfs__helper__tools_8c_a769edcf066efb97f5ae3a81e3507a7
93_cgraph.pdf  used on input line 204.
(pdftex.def)             Requested size: 350.0pt x 103.94266pt.
 <./tcfs__helper__tools_8c_a769edcf066efb97f5ae3a81e3507a793_icgraph.pdf>
<tcfs__helper__tools_8c_a769edcf066efb97f5ae3a81e3507a793_icgraph.pdf, id=2755,
 212.795pt x 100.375pt>
File: tcfs__helper__tools_8c_a769edcf066efb97f5ae3a81e3507a793_icgraph.pdf Grap
hic file (type pdf)
<use tcfs__helper__tools_8c_a769edcf066efb97f5ae3a81e3507a793_icgraph.pdf>
Package pdftex.def Info: tcfs__helper__tools_8c_a769edcf066efb97f5ae3a81e3507a7
93_icgraph.pdf  used on input line 211.
(pdftex.def)             Requested size: 212.0pt x 100.00562pt.
 [39]
Underfull \hbox (badness 10000) detected at line 229
[][][]
 []

 <./tcfs__helper__tools_8c_a8ef1473d59fd1cfc680fe1b227604a02_icgraph.pdf>
<tcfs__helper__tools_8c_a8ef1473d59fd1cfc680fe1b227604a02_icgraph.pdf, id=2777,
 827.09pt x 112.42pt>
File: tcfs__helper__tools_8c_a8ef1473d59fd1cfc680fe1b227604a02_icgraph.pdf Grap
hic file (type pdf)
<use tcfs__helper__tools_8c_a8ef1473d59fd1cfc680fe1b227604a02_icgraph.pdf>
Package pdftex.def Info: tcfs__helper__tools_8c_a8ef1473d59fd1cfc680fe1b227604a
02_icgraph.pdf  used on input line 244.
(pdftex.def)             Requested size: 350.0pt x 47.57288pt.
 <./tcfs__helper__tools_8c_a1bef5d2cdd74c07b3ae025c6424dfbd5_icgraph.pdf>
<tcfs__helper__tools_8c_a1bef5d2cdd74c07b3ae025c6424dfbd5_icgraph.pdf, id=2790,
 584.1825pt x 176.66pt>
File: tcfs__helper__tools_8c_a1bef5d2cdd74c07b3ae025c6424dfbd5_icgraph.pdf Grap
hic file (type pdf)
<use tcfs__helper__tools_8c_a1bef5d2cdd74c07b3ae025c6424dfbd5_icgraph.pdf>
Package pdftex.def Info: tcfs__helper__tools_8c_a1bef5d2cdd74c07b3ae025c6424dfb
d5_icgraph.pdf  used on input line 280.
(pdftex.def)             Requested size: 350.0pt x 105.84586pt.
 [40] <./tcfs__helper__tools_8c_ae1746adb62f9476a6d8166b62faa7a91_icgraph.pdf>
<tcfs__helper__tools_8c_ae1746adb62f9476a6d8166b62faa7a91_icgraph.pdf, id=2813,
 479.7925pt x 138.5175pt>
File: tcfs__helper__tools_8c_ae1746adb62f9476a6d8166b62faa7a91_icgraph.pdf Grap
hic file (type pdf)
<use tcfs__helper__tools_8c_ae1746adb62f9476a6d8166b62faa7a91_icgraph.pdf>
Package pdftex.def Info: tcfs__helper__tools_8c_ae1746adb62f9476a6d8166b62faa7a
91_icgraph.pdf  used on input line 306.
(pdftex.def)             Requested size: 350.0pt x 101.04716pt.
 <./tcfs__helper__tools_8c_afaed41fa1136b829eb00a7de26a3739b_cgraph.pdf>
<tcfs__helper__tools_8c_afaed41fa1136b829eb00a7de26a3739b_cgraph.pdf, id=2826, 
409.53pt x 138.5175pt>
File: tcfs__helper__tools_8c_afaed41fa1136b829eb00a7de26a3739b_cgraph.pdf Graph
ic file (type pdf)
<use tcfs__helper__tools_8c_afaed41fa1136b829eb00a7de26a3739b_cgraph.pdf>
Package pdftex.def Info: tcfs__helper__tools_8c_afaed41fa1136b829eb00a7de26a373
9b_cgraph.pdf  used on input line 331.
(pdftex.def)             Requested size: 350.0pt x 118.3893pt.
 [41] <./tcfs__helper__tools_8c_afaed41fa1136b829eb00a7de26a3739b_icgraph.pdf>
<tcfs__helper__tools_8c_afaed41fa1136b829eb00a7de26a3739b_icgraph.pdf, id=2844,
 355.3275pt x 100.375pt>
File: tcfs__helper__tools_8c_afaed41fa1136b829eb00a7de26a3739b_icgraph.pdf Grap
hic file (type pdf)
<use tcfs__helper__tools_8c_afaed41fa1136b829eb00a7de26a3739b_icgraph.pdf>
Package pdftex.def Info: tcfs__helper__tools_8c_afaed41fa1136b829eb00a7de26a373
9b_icgraph.pdf  used on input line 338.
(pdftex.def)             Requested size: 350.0pt x 98.87376pt.
 <./tcfs__helper__tools_8c_a816c2bcaa3d059abc79cb9b021957dbf_cgraph.pdf>
<tcfs__helper__tools_8c_a816c2bcaa3d059abc79cb9b021957dbf_cgraph.pdf, id=2858, 
658.46pt x 201.75375pt>
File: tcfs__helper__tools_8c_a816c2bcaa3d059abc79cb9b021957dbf_cgraph.pdf Graph
ic file (type pdf)
<use tcfs__helper__tools_8c_a816c2bcaa3d059abc79cb9b021957dbf_cgraph.pdf>
Package pdftex.def Info: tcfs__helper__tools_8c_a816c2bcaa3d059abc79cb9b021957d
bf_cgraph.pdf  used on input line 363.
(pdftex.def)             Requested size: 350.0pt x 107.24298pt.
 <./tcfs__helper__tools_8c_a816c2bcaa3d059abc79cb9b021957dbf_icgraph.pdf>
<tcfs__helper__tools_8c_a816c2bcaa3d059abc79cb9b021957dbf_icgraph.pdf, id=2866,
 351.3125pt x 100.375pt>
File: tcfs__helper__tools_8c_a816c2bcaa3d059abc79cb9b021957dbf_icgraph.pdf Grap
hic file (type pdf)
<use tcfs__helper__tools_8c_a816c2bcaa3d059abc79cb9b021957dbf_icgraph.pdf>
Package pdftex.def Info: tcfs__helper__tools_8c_a816c2bcaa3d059abc79cb9b021957d
bf_icgraph.pdf  used on input line 370.
(pdftex.def)             Requested size: 350.0pt x 100.00716pt.
 [42] <./tcfs__helper__tools_8c_aa5b1203d82818e149ae3ad3fd3840a40_cgraph.pdf>
<tcfs__helper__tools_8c_aa5b1203d82818e149ae3ad3fd3840a40_cgraph.pdf, id=2888, 
425.59pt x 138.5175pt>
File: tcfs__helper__tools_8c_aa5b1203d82818e149ae3ad3fd3840a40_cgraph.pdf Graph
ic file (type pdf)
<use tcfs__helper__tools_8c_aa5b1203d82818e149ae3ad3fd3840a40_cgraph.pdf>
Package pdftex.def Info: tcfs__helper__tools_8c_aa5b1203d82818e149ae3ad3fd3840a
40_cgraph.pdf  used on input line 395.
(pdftex.def)             Requested size: 350.0pt x 113.92113pt.
 <./tcfs__helper__tools_8c_aa5b1203d82818e149ae3ad3fd3840a40_icgraph.pdf>
<tcfs__helper__tools_8c_aa5b1203d82818e149ae3ad3fd3840a40_icgraph.pdf, id=2896,
 361.35pt x 100.375pt>
File: tcfs__helper__tools_8c_aa5b1203d82818e149ae3ad3fd3840a40_icgraph.pdf Grap
hic file (type pdf)
<use tcfs__helper__tools_8c_aa5b1203d82818e149ae3ad3fd3840a40_icgraph.pdf>
Package pdftex.def Info: tcfs__helper__tools_8c_aa5b1203d82818e149ae3ad3fd3840a
40_icgraph.pdf  used on input line 402.
(pdftex.def)             Requested size: 350.0pt x 97.2227pt.
LaTeX Font Info:    Font shape `T1/pcr/m/it' in size <7> not available
(Font)              Font shape `T1/pcr/m/sl' tried instead on input line 409.
 <./tcfs__helper__tools_8c_a26931b8bdf24be94e03f4d77e991d063_cgraph.pdf>
<tcfs__helper__tools_8c_a26931b8bdf24be94e03f4d77e991d063_cgraph.pdf, id=2911, 
266.9975pt x 100.375pt>
File: tcfs__helper__tools_8c_a26931b8bdf24be94e03f4d77e991d063_cgraph.pdf Graph
ic file (type pdf)
<use tcfs__helper__tools_8c_a26931b8bdf24be94e03f4d77e991d063_cgraph.pdf>
Package pdftex.def Info: tcfs__helper__tools_8c_a26931b8bdf24be94e03f4d77e991d0
63_cgraph.pdf  used on input line 427.
(pdftex.def)             Requested size: 266.0pt x 100.01021pt.
 [43] <./tcfs__helper__tools_8c_a26931b8bdf24be94e03f4d77e991d063_icgraph.pdf>
<tcfs__helper__tools_8c_a26931b8bdf24be94e03f4d77e991d063_icgraph.pdf, id=2927,
 491.8375pt x 176.66pt>
File: tcfs__helper__tools_8c_a26931b8bdf24be94e03f4d77e991d063_icgraph.pdf Grap
hic file (type pdf)
<use tcfs__helper__tools_8c_a26931b8bdf24be94e03f4d77e991d063_icgraph.pdf>
Package pdftex.def Info: tcfs__helper__tools_8c_a26931b8bdf24be94e03f4d77e991d0
63_icgraph.pdf  used on input line 434.
(pdftex.def)             Requested size: 350.0pt x 125.7179pt.
 <./tcfs__helper__tools_8c_abe60a9bd3f55341eb2496670553f9d26_icgraph.pdf>
<tcfs__helper__tools_8c_abe60a9bd3f55341eb2496670553f9d26_icgraph.pdf, id=2938,
 236.885pt x 100.375pt>
File: tcfs__helper__tools_8c_abe60a9bd3f55341eb2496670553f9d26_icgraph.pdf Grap
hic file (type pdf)
<use tcfs__helper__tools_8c_abe60a9bd3f55341eb2496670553f9d26_icgraph.pdf>
Package pdftex.def Info: tcfs__helper__tools_8c_abe60a9bd3f55341eb2496670553f9d
26_icgraph.pdf  used on input line 455.
(pdftex.def)             Requested size: 236.0pt x 100.00255pt.
 [44]
Underfull \hbox (badness 10000) detected at line 468
[][][]
 []

 <./tcfs__helper__tools_8c_a3644c45d6131fe1528ce36163e299fd9_cgraph.pdf>
<tcfs__helper__tools_8c_a3644c45d6131fe1528ce36163e299fd9_cgraph.pdf, id=2961, 
361.35pt x 138.5175pt>
File: tcfs__helper__tools_8c_a3644c45d6131fe1528ce36163e299fd9_cgraph.pdf Graph
ic file (type pdf)
<use tcfs__helper__tools_8c_a3644c45d6131fe1528ce36163e299fd9_cgraph.pdf>
Package pdftex.def Info: tcfs__helper__tools_8c_a3644c45d6131fe1528ce36163e299f
d9_cgraph.pdf  used on input line 487.
(pdftex.def)             Requested size: 350.0pt x 134.16734pt.
 <./tcfs__helper__tools_8c_a3644c45d6131fe1528ce36163e299fd9_icgraph.pdf>
<tcfs__helper__tools_8c_a3644c45d6131fe1528ce36163e299fd9_icgraph.pdf, id=2969,
 670.505pt x 112.42pt>
File: tcfs__helper__tools_8c_a3644c45d6131fe1528ce36163e299fd9_icgraph.pdf Grap
hic file (type pdf)
<use tcfs__helper__tools_8c_a3644c45d6131fe1528ce36163e299fd9_icgraph.pdf>
Package pdftex.def Info: tcfs__helper__tools_8c_a3644c45d6131fe1528ce36163e299f
d9_icgraph.pdf  used on input line 494.
(pdftex.def)             Requested size: 350.0pt x 58.68173pt.
)
(./tcfs__helper__tools_8c_source.tex [45] [46] [47] [48])
(./tcfs__helper__tools_8h.tex <./tcfs__helper__tools_8h__incl.pdf>
<tcfs__helper__tools_8h__incl.pdf, id=3314, 691.58376pt x 168.63pt>
File: tcfs__helper__tools_8h__incl.pdf Graphic file (type pdf)
<use tcfs__helper__tools_8h__incl.pdf>
Package pdftex.def Info: tcfs__helper__tools_8h__incl.pdf  used on input line 1
6.
(pdftex.def)             Requested size: 350.0pt x 85.34145pt.
 [49] <./tcfs__helper__tools_8h__dep__incl.pdf>
<tcfs__helper__tools_8h__dep__incl.pdf, id=3411, 289.08pt x 180.675pt>
File: tcfs__helper__tools_8h__dep__incl.pdf Graphic file (type pdf)
<use tcfs__helper__tools_8h__dep__incl.pdf>
Package pdftex.def Info: tcfs__helper__tools_8h__dep__incl.pdf  used on input l
ine 23.
(pdftex.def)             Requested size: 288.0pt x 180.01013pt.
 [50]
Underfull \hbox (badness 10000) detected at line 46
[][][]
 []

 <./tcfs__helper__tools_8h_a769edcf066efb97f5ae3a81e3507a793_cgraph.pdf>
<tcfs__helper__tools_8h_a769edcf066efb97f5ae3a81e3507a793_cgraph.pdf, id=3438, 
763.85374pt x 226.8475pt>
File: tcfs__helper__tools_8h_a769edcf066efb97f5ae3a81e3507a793_cgraph.pdf Graph
ic file (type pdf)
<use tcfs__helper__tools_8h_a769edcf066efb97f5ae3a81e3507a793_cgraph.pdf>
Package pdftex.def Info: tcfs__helper__tools_8h_a769edcf066efb97f5ae3a81e3507a7
93_cgraph.pdf  used on input line 65.
(pdftex.def)             Requested size: 350.0pt x 103.94266pt.
 <./tcfs__helper__tools_8h_a769edcf066efb97f5ae3a81e3507a793_icgraph.pdf>
<tcfs__helper__tools_8h_a769edcf066efb97f5ae3a81e3507a793_icgraph.pdf, id=3446,
 212.795pt x 100.375pt>
File: tcfs__helper__tools_8h_a769edcf066efb97f5ae3a81e3507a793_icgraph.pdf Grap
hic file (type pdf)
<use tcfs__helper__tools_8h_a769edcf066efb97f5ae3a81e3507a793_icgraph.pdf>
Package pdftex.def Info: tcfs__helper__tools_8h_a769edcf066efb97f5ae3a81e3507a7
93_icgraph.pdf  used on input line 72.
(pdftex.def)             Requested size: 212.0pt x 100.00562pt.
 <./tcfs__helper__tools_8h_abe60a9bd3f55341eb2496670553f9d26_icgraph.pdf>
<tcfs__helper__tools_8h_abe60a9bd3f55341eb2496670553f9d26_icgraph.pdf, id=3457,
 236.885pt x 100.375pt>
File: tcfs__helper__tools_8h_abe60a9bd3f55341eb2496670553f9d26_icgraph.pdf Grap
hic file (type pdf)
<use tcfs__helper__tools_8h_abe60a9bd3f55341eb2496670553f9d26_icgraph.pdf>
Package pdftex.def Info: tcfs__helper__tools_8h_abe60a9bd3f55341eb2496670553f9d
26_icgraph.pdf  used on input line 93.
(pdftex.def)             Requested size: 236.0pt x 100.00255pt.
)
(./tcfs__helper__tools_8h_source.tex [51]) (./user__tcfs_8c.tex <./user__tcfs_8
c__incl.pdf>
<user__tcfs_8c__incl.pdf, id=3476, 691.58376pt x 224.84pt>
File: user__tcfs_8c__incl.pdf Graphic file (type pdf)
<use user__tcfs_8c__incl.pdf>
Package pdftex.def Info: user__tcfs_8c__incl.pdf  used on input line 16.
(pdftex.def)             Requested size: 350.0pt x 113.78859pt.
 [52] <./user__tcfs_8c_a0ddf1224851353fc92bfbff6f499fa97_cgraph.pdf>
<user__tcfs_8c_a0ddf1224851353fc92bfbff6f499fa97_cgraph.pdf, id=3523, 861.2175p
t x 226.8475pt>
File: user__tcfs_8c_a0ddf1224851353fc92bfbff6f499fa97_cgraph.pdf Graphic file (
type pdf)
<use user__tcfs_8c_a0ddf1224851353fc92bfbff6f499fa97_cgraph.pdf>
Package pdftex.def Info: user__tcfs_8c_a0ddf1224851353fc92bfbff6f499fa97_cgraph
.pdf  used on input line 78.
(pdftex.def)             Requested size: 350.0pt x 92.19118pt.
 [53]
Underfull \hbox (badness 10000) detected at line 100
[][][]
 []

[54]) (./user__tcfs_8c_source.tex [55])
(./command__handler_2____init_____8py.tex)
(./command__handler_2____init_____8py_source.tex) (./ui_2____init_____8py.tex)
(./ui_2____init_____8py_source.tex) (./main__window_8py.tex [56])
(./main__window_8py_source.tex) (./tcfs_8c.tex <./tcfs_8c__incl.pdf>
<tcfs_8c__incl.pdf, id=3744, 1786.675pt x 293.095pt>
File: tcfs_8c__incl.pdf Graphic file (type pdf)
<use tcfs_8c__incl.pdf>
Package pdftex.def Info: tcfs_8c__incl.pdf  used on input line 25.
(pdftex.def)             Requested size: 350.0pt x 57.41492pt.
 [57]
[58] <./tcfs_8c_a996d4e078d075e74e800288e6c92fd59_icgraph.pdf>
<tcfs_8c_a996d4e078d075e74e800288e6c92fd59_icgraph.pdf, id=3875, 227.85126pt x 
138.5175pt>
File: tcfs_8c_a996d4e078d075e74e800288e6c92fd59_icgraph.pdf Graphic file (type 
pdf)
<use tcfs_8c_a996d4e078d075e74e800288e6c92fd59_icgraph.pdf>
Package pdftex.def Info: tcfs_8c_a996d4e078d075e74e800288e6c92fd59_icgraph.pdf 
 used on input line 180.
(pdftex.def)             Requested size: 227.0pt x 138.00354pt.
 [59] <./tcfs_8c_a0ddf1224851353fc92bfbff6f499fa97_cgraph.pdf>
<tcfs_8c_a0ddf1224851353fc92bfbff6f499fa97_cgraph.pdf, id=3915, 223.83624pt x 1
00.375pt>
File: tcfs_8c_a0ddf1224851353fc92bfbff6f499fa97_cgraph.pdf Graphic file (type p
df)
<use tcfs_8c_a0ddf1224851353fc92bfbff6f499fa97_cgraph.pdf>
Package pdftex.def Info: tcfs_8c_a0ddf1224851353fc92bfbff6f499fa97_cgraph.pdf  
used on input line 201.
(pdftex.def)             Requested size: 223.0pt x 100.00255pt.
 <./tcfs_8c_a76af7857833338c73b9cafdce59ca01d_cgraph.pdf>
<tcfs_8c_a76af7857833338c73b9cafdce59ca01d_cgraph.pdf, id=3933, 249.93375pt x 1
00.375pt>
File: tcfs_8c_a76af7857833338c73b9cafdce59ca01d_cgraph.pdf Graphic file (type p
df)
<use tcfs_8c_a76af7857833338c73b9cafdce59ca01d_cgraph.pdf>
Package pdftex.def Info: tcfs_8c_a76af7857833338c73b9cafdce59ca01d_cgraph.pdf  
used on input line 240.
(pdftex.def)             Requested size: 249.0pt x 100.00409pt.
 <./tcfs_8c_a76af7857833338c73b9cafdce59ca01d_icgraph.pdf>
<tcfs_8c_a76af7857833338c73b9cafdce59ca01d_icgraph.pdf, id=3941, 244.915pt x 10
0.375pt>
File: tcfs_8c_a76af7857833338c73b9cafdce59ca01d_icgraph.pdf Graphic file (type 
pdf)
<use tcfs_8c_a76af7857833338c73b9cafdce59ca01d_icgraph.pdf>
Package pdftex.def Info: tcfs_8c_a76af7857833338c73b9cafdce59ca01d_icgraph.pdf 
 used on input line 247.
(pdftex.def)             Requested size: 244.0pt x 100.00255pt.
 [60] <./tcfs_8c_a1001153b56bc9f871f8d93db179db8b8_cgraph.pdf>
<tcfs_8c_a1001153b56bc9f871f8d93db179db8b8_cgraph.pdf, id=3967, 247.92625pt x 1
00.375pt>
File: tcfs_8c_a1001153b56bc9f871f8d93db179db8b8_cgraph.pdf Graphic file (type p
df)
<use tcfs_8c_a1001153b56bc9f871f8d93db179db8b8_cgraph.pdf>
Package pdftex.def Info: tcfs_8c_a1001153b56bc9f871f8d93db179db8b8_cgraph.pdf  
used on input line 268.
(pdftex.def)             Requested size: 247.0pt x 100.00102pt.
 <./tcfs_8c_ac61b7c854ca2634d258fe18046cdb7e0_cgraph.pdf>
<tcfs_8c_ac61b7c854ca2634d258fe18046cdb7e0_cgraph.pdf, id=3979, 246.9225pt x 10
0.375pt>
File: tcfs_8c_ac61b7c854ca2634d258fe18046cdb7e0_cgraph.pdf Graphic file (type p
df)
<use tcfs_8c_ac61b7c854ca2634d258fe18046cdb7e0_cgraph.pdf>
Package pdftex.def Info: tcfs_8c_ac61b7c854ca2634d258fe18046cdb7e0_cgraph.pdf  
used on input line 289.
(pdftex.def)             Requested size: 246.0pt x 99.9995pt.
 [61] <./tcfs_8c_ad973ad9d6ab7d6276bf85cd8fecd0657_cgraph.pdf>
<tcfs_8c_ad973ad9d6ab7d6276bf85cd8fecd0657_cgraph.pdf, id=4006, 375.4025pt x 29
1.0875pt>
File: tcfs_8c_ad973ad9d6ab7d6276bf85cd8fecd0657_cgraph.pdf Graphic file (type p
df)
<use tcfs_8c_ad973ad9d6ab7d6276bf85cd8fecd0657_cgraph.pdf>
Package pdftex.def Info: tcfs_8c_ad973ad9d6ab7d6276bf85cd8fecd0657_cgraph.pdf  
used on input line 310.
(pdftex.def)             Requested size: 350.0pt x 271.4059pt.
 <./tcfs_8c_a014853840814f4d5225e2e28e129f9e5_cgraph.pdf>
<tcfs_8c_a014853840814f4d5225e2e28e129f9e5_cgraph.pdf, id=4018, 242.9075pt x 10
0.375pt>
File: tcfs_8c_a014853840814f4d5225e2e28e129f9e5_cgraph.pdf Graphic file (type p
df)
<use tcfs_8c_a014853840814f4d5225e2e28e129f9e5_cgraph.pdf>
Package pdftex.def Info: tcfs_8c_a014853840814f4d5225e2e28e129f9e5_cgraph.pdf  
used on input line 331.
(pdftex.def)             Requested size: 242.0pt x 99.9995pt.
 [62] <./tcfs_8c_a89f96e6b13b109a368c0d3d2adc99b9a_cgraph.pdf>
<tcfs_8c_a89f96e6b13b109a368c0d3d2adc99b9a_cgraph.pdf, id=4042, 246.9225pt x 10
0.375pt>
File: tcfs_8c_a89f96e6b13b109a368c0d3d2adc99b9a_cgraph.pdf Graphic file (type p
df)
<use tcfs_8c_a89f96e6b13b109a368c0d3d2adc99b9a_cgraph.pdf>
Package pdftex.def Info: tcfs_8c_a89f96e6b13b109a368c0d3d2adc99b9a_cgraph.pdf  
used on input line 352.
(pdftex.def)             Requested size: 246.0pt x 99.9995pt.
 <./tcfs_8c_a6a031c4e3c6dd59051c09789c4666657_cgraph.pdf>
<tcfs_8c_a6a031c4e3c6dd59051c09789c4666657_cgraph.pdf, id=4057, 251.94125pt x 1
00.375pt>
File: tcfs_8c_a6a031c4e3c6dd59051c09789c4666657_cgraph.pdf Graphic file (type p
df)
<use tcfs_8c_a6a031c4e3c6dd59051c09789c4666657_cgraph.pdf>
Package pdftex.def Info: tcfs_8c_a6a031c4e3c6dd59051c09789c4666657_cgraph.pdf  
used on input line 377.
(pdftex.def)             Requested size: 251.0pt x 100.00102pt.
 <./tcfs_8c_a6a031c4e3c6dd59051c09789c4666657_icgraph.pdf>
<tcfs_8c_a6a031c4e3c6dd59051c09789c4666657_icgraph.pdf, id=4065, 246.9225pt x 1
38.5175pt>
File: tcfs_8c_a6a031c4e3c6dd59051c09789c4666657_icgraph.pdf Graphic file (type 
pdf)
<use tcfs_8c_a6a031c4e3c6dd59051c09789c4666657_icgraph.pdf>
Package pdftex.def Info: tcfs_8c_a6a031c4e3c6dd59051c09789c4666657_icgraph.pdf 
 used on input line 384.
(pdftex.def)             Requested size: 246.0pt x 137.99931pt.
 [63] <./tcfs_8c_ae6edcf6a80467925a9a2112172395de1_cgraph.pdf>
<tcfs_8c_ae6edcf6a80467925a9a2112172395de1_cgraph.pdf, id=4088, 250.9375pt x 10
0.375pt>
File: tcfs_8c_ae6edcf6a80467925a9a2112172395de1_cgraph.pdf Graphic file (type p
df)
<use tcfs_8c_ae6edcf6a80467925a9a2112172395de1_cgraph.pdf>
Package pdftex.def Info: tcfs_8c_ae6edcf6a80467925a9a2112172395de1_cgraph.pdf  
used on input line 415.
(pdftex.def)             Requested size: 250.0pt x 100.00562pt.
 <./tcfs_8c_a682b553345b6d872453d1ace7339bb9e_cgraph.pdf>
<tcfs_8c_a682b553345b6d872453d1ace7339bb9e_cgraph.pdf, id=4100, 242.9075pt x 10
0.375pt>
File: tcfs_8c_a682b553345b6d872453d1ace7339bb9e_cgraph.pdf Graphic file (type p
df)
<use tcfs_8c_a682b553345b6d872453d1ace7339bb9e_cgraph.pdf>
Package pdftex.def Info: tcfs_8c_a682b553345b6d872453d1ace7339bb9e_cgraph.pdf  
used on input line 436.
(pdftex.def)             Requested size: 242.0pt x 99.9995pt.
 [64] <./tcfs_8c_a151f53359474a95c52f5e79d438869bd_cgraph.pdf>
<tcfs_8c_a151f53359474a95c52f5e79d438869bd_cgraph.pdf, id=4121, 247.92625pt x 1
00.375pt>
File: tcfs_8c_a151f53359474a95c52f5e79d438869bd_cgraph.pdf Graphic file (type p
df)
<use tcfs_8c_a151f53359474a95c52f5e79d438869bd_cgraph.pdf>
Package pdftex.def Info: tcfs_8c_a151f53359474a95c52f5e79d438869bd_cgraph.pdf  
used on input line 457.
(pdftex.def)             Requested size: 247.0pt x 100.00102pt.
 <./tcfs_8c_af0c6a7d66189cc1e9fbfafba5255e60d_cgraph.pdf>
<tcfs_8c_af0c6a7d66189cc1e9fbfafba5255e60d_cgraph.pdf, id=4133, 239.89626pt x 1
00.375pt>
File: tcfs_8c_af0c6a7d66189cc1e9fbfafba5255e60d_cgraph.pdf Graphic file (type p
df)
<use tcfs_8c_af0c6a7d66189cc1e9fbfafba5255e60d_cgraph.pdf>
Package pdftex.def Info: tcfs_8c_af0c6a7d66189cc1e9fbfafba5255e60d_cgraph.pdf  
used on input line 478.
(pdftex.def)             Requested size: 239.0pt x 100.00102pt.
 [65]
Underfull \hbox (badness 1701) in paragraph at lines 505--506
[]\T1/phv/m/n/10 References [], [], [], [], [], [], [],
 []

 <./tcfs_8c_a745384a010e20b082db26e16702a0129_cgraph.pdf>
<tcfs_8c_a745384a010e20b082db26e16702a0129_cgraph.pdf, id=4165, 356.33125pt x 2
91.0875pt>
File: tcfs_8c_a745384a010e20b082db26e16702a0129_cgraph.pdf Graphic file (type p
df)
<use tcfs_8c_a745384a010e20b082db26e16702a0129_cgraph.pdf>
Package pdftex.def Info: tcfs_8c_a745384a010e20b082db26e16702a0129_cgraph.pdf  
used on input line 511.
(pdftex.def)             Requested size: 350.0pt x 285.9256pt.
 [66] <./tcfs_8c_aaba999686e55ada0fe9acc15eec92c0c_cgraph.pdf>
<tcfs_8c_aaba999686e55ada0fe9acc15eec92c0c_cgraph.pdf, id=4190, 247.92625pt x 1
00.375pt>
File: tcfs_8c_aaba999686e55ada0fe9acc15eec92c0c_cgraph.pdf Graphic file (type p
df)
<use tcfs_8c_aaba999686e55ada0fe9acc15eec92c0c_cgraph.pdf>
Package pdftex.def Info: tcfs_8c_aaba999686e55ada0fe9acc15eec92c0c_cgraph.pdf  
used on input line 532.
(pdftex.def)             Requested size: 247.0pt x 100.00102pt.
 [67] <./tcfs_8c_acb1e081efcbf61b6f34e8bbdf7af8979_cgraph.pdf>
<tcfs_8c_acb1e081efcbf61b6f34e8bbdf7af8979_cgraph.pdf, id=4210, 252.945pt x 100
.375pt>
File: tcfs_8c_acb1e081efcbf61b6f34e8bbdf7af8979_cgraph.pdf Graphic file (type p
df)
<use tcfs_8c_acb1e081efcbf61b6f34e8bbdf7af8979_cgraph.pdf>
Package pdftex.def Info: tcfs_8c_acb1e081efcbf61b6f34e8bbdf7af8979_cgraph.pdf  
used on input line 553.
(pdftex.def)             Requested size: 252.0pt x 100.00255pt.
 <./tcfs_8c_a1241e1fcfe6bb4a5d49d8c8d4e737bcd_cgraph.pdf>
<tcfs_8c_a1241e1fcfe6bb4a5d49d8c8d4e737bcd_cgraph.pdf, id=4222, 249.93375pt x 1
00.375pt>
File: tcfs_8c_a1241e1fcfe6bb4a5d49d8c8d4e737bcd_cgraph.pdf Graphic file (type p
df)
<use tcfs_8c_a1241e1fcfe6bb4a5d49d8c8d4e737bcd_cgraph.pdf>
Package pdftex.def Info: tcfs_8c_a1241e1fcfe6bb4a5d49d8c8d4e737bcd_cgraph.pdf  
used on input line 574.
(pdftex.def)             Requested size: 249.0pt x 100.00409pt.
 <./tcfs_8c_acfe2c6a9467bd25a5ba6dc1a65209262_cgraph.pdf>
<tcfs_8c_acfe2c6a9467bd25a5ba6dc1a65209262_cgraph.pdf, id=4234, 271.0125pt x 10
0.375pt>
File: tcfs_8c_acfe2c6a9467bd25a5ba6dc1a65209262_cgraph.pdf Graphic file (type p
df)
<use tcfs_8c_acfe2c6a9467bd25a5ba6dc1a65209262_cgraph.pdf>
Package pdftex.def Info: tcfs_8c_acfe2c6a9467bd25a5ba6dc1a65209262_cgraph.pdf  
used on input line 595.
(pdftex.def)             Requested size: 270.0pt x 100.00409pt.
 [68] <./tcfs_8c_a2853593dded66a922afbdc36afb15a50_cgraph.pdf>
<tcfs_8c_a2853593dded66a922afbdc36afb15a50_cgraph.pdf, id=4257, 240.9pt x 100.3
75pt>
File: tcfs_8c_a2853593dded66a922afbdc36afb15a50_cgraph.pdf Graphic file (type p
df)
<use tcfs_8c_a2853593dded66a922afbdc36afb15a50_cgraph.pdf>
Package pdftex.def Info: tcfs_8c_a2853593dded66a922afbdc36afb15a50_cgraph.pdf  
used on input line 626.
(pdftex.def)             Requested size: 240.0pt x 100.00255pt.
 [69] <./tcfs_8c_ad3c328fdcd93c8203e1ce9c785fd3a14_cgraph.pdf>
<tcfs_8c_ad3c328fdcd93c8203e1ce9c785fd3a14_cgraph.pdf, id=4280, 251.94125pt x 1
00.375pt>
File: tcfs_8c_ad3c328fdcd93c8203e1ce9c785fd3a14_cgraph.pdf Graphic file (type p
df)
<use tcfs_8c_ad3c328fdcd93c8203e1ce9c785fd3a14_cgraph.pdf>
Package pdftex.def Info: tcfs_8c_ad3c328fdcd93c8203e1ce9c785fd3a14_cgraph.pdf  
used on input line 651.
(pdftex.def)             Requested size: 251.0pt x 100.00102pt.
 <./tcfs_8c_ad3c328fdcd93c8203e1ce9c785fd3a14_icgraph.pdf>
<tcfs_8c_ad3c328fdcd93c8203e1ce9c785fd3a14_icgraph.pdf, id=4289, 252.945pt x 10
0.375pt>
File: tcfs_8c_ad3c328fdcd93c8203e1ce9c785fd3a14_icgraph.pdf Graphic file (type 
pdf)
<use tcfs_8c_ad3c328fdcd93c8203e1ce9c785fd3a14_icgraph.pdf>
Package pdftex.def Info: tcfs_8c_ad3c328fdcd93c8203e1ce9c785fd3a14_icgraph.pdf 
 used on input line 658.
(pdftex.def)             Requested size: 252.0pt x 100.00255pt.
 <./tcfs_8c_ae14ebf4581d4cbc45737ae75af82a887_cgraph.pdf>
<tcfs_8c_ae14ebf4581d4cbc45737ae75af82a887_cgraph.pdf, id=4301, 243.91125pt x 1
00.375pt>
File: tcfs_8c_ae14ebf4581d4cbc45737ae75af82a887_cgraph.pdf Graphic file (type p
df)
<use tcfs_8c_ae14ebf4581d4cbc45737ae75af82a887_cgraph.pdf>
Package pdftex.def Info: tcfs_8c_ae14ebf4581d4cbc45737ae75af82a887_cgraph.pdf  
used on input line 679.
(pdftex.def)             Requested size: 243.0pt x 100.00102pt.
 [70] <./tcfs_8c_a6cae4aad7da3e604ce08e14a83708e65_cgraph.pdf>
<tcfs_8c_a6cae4aad7da3e604ce08e14a83708e65_cgraph.pdf, id=4324, 253.94875pt x 1
00.375pt>
File: tcfs_8c_a6cae4aad7da3e604ce08e14a83708e65_cgraph.pdf Graphic file (type p
df)
<use tcfs_8c_a6cae4aad7da3e604ce08e14a83708e65_cgraph.pdf>
Package pdftex.def Info: tcfs_8c_a6cae4aad7da3e604ce08e14a83708e65_cgraph.pdf  
used on input line 710.
(pdftex.def)             Requested size: 253.0pt x 100.00409pt.
 <./tcfs_8c_ac6d3a8a626363a6f98de64e585968b09_cgraph.pdf>
<tcfs_8c_ac6d3a8a626363a6f98de64e585968b09_cgraph.pdf, id=4336, 243.91125pt x 1
00.375pt>
File: tcfs_8c_ac6d3a8a626363a6f98de64e585968b09_cgraph.pdf Graphic file (type p
df)
<use tcfs_8c_ac6d3a8a626363a6f98de64e585968b09_cgraph.pdf>
Package pdftex.def Info: tcfs_8c_ac6d3a8a626363a6f98de64e585968b09_cgraph.pdf  
used on input line 731.
(pdftex.def)             Requested size: 243.0pt x 100.00102pt.
 <./tcfs_8c_a3e2dc5aa998e01e0269fa1e267a9253b_cgraph.pdf>
<tcfs_8c_a3e2dc5aa998e01e0269fa1e267a9253b_cgraph.pdf, id=4348, 252.945pt x 100
.375pt>
File: tcfs_8c_a3e2dc5aa998e01e0269fa1e267a9253b_cgraph.pdf Graphic file (type p
df)
<use tcfs_8c_a3e2dc5aa998e01e0269fa1e267a9253b_cgraph.pdf>
Package pdftex.def Info: tcfs_8c_a3e2dc5aa998e01e0269fa1e267a9253b_cgraph.pdf  
used on input line 752.
(pdftex.def)             Requested size: 252.0pt x 100.00255pt.

[71] <./tcfs_8c_adaba2baa5a036b8f77ec187599498a66_cgraph.pdf>
<tcfs_8c_adaba2baa5a036b8f77ec187599498a66_cgraph.pdf, id=4379, 353.32pt x 291.
0875pt>
File: tcfs_8c_adaba2baa5a036b8f77ec187599498a66_cgraph.pdf Graphic file (type p
df)
<use tcfs_8c_adaba2baa5a036b8f77ec187599498a66_cgraph.pdf>
Package pdftex.def Info: tcfs_8c_adaba2baa5a036b8f77ec187599498a66_cgraph.pdf  
used on input line 773.
(pdftex.def)             Requested size: 350.0pt x 288.35516pt.
 [72] [73]
Underfull \hbox (badness 1400) in paragraph at lines 887--888
[]\T1/phv/m/n/10 Referenced by [], [], [], [], [], [], [],
 []


Underfull \hbox (badness 5817) in paragraph at lines 887--888
[]\T1/phv/m/n/10 , [], [], [], [], [], [],
 []

[74]) (./tcfs_8c_source.tex [75] [76] [77] [78] [79] [80] [81] [82] [83])
(./crypt-utils_8c.tex <./crypt-utils_8c__incl.pdf>
<crypt-utils_8c__incl.pdf, id=5471, 950.55125pt x 293.095pt>
File: crypt-utils_8c__incl.pdf Graphic file (type pdf)
<use crypt-utils_8c__incl.pdf>
Package pdftex.def Info: crypt-utils_8c__incl.pdf  used on input line 8.
(pdftex.def)             Requested size: 350.0pt x 107.92018pt.
 [84]

Package hyperref Warning: Suppressing link with empty target on input line 17.

[85]

Package hyperref Warning: Suppressing link with empty target on input line 63.


Underfull \hbox (badness 10000) detected at line 101
[][][]
 []


Underfull \hbox (badness 10000) detected at line 104
[][][]
 []

 <./crypt-utils_8c_a53b5762e00daafcc3644c03e2fd9b2c4_icgraph.pdf>
<crypt-utils_8c_a53b5762e00daafcc3644c03e2fd9b2c4_icgraph.pdf, id=5601, 362.353
74pt x 100.375pt>
File: crypt-utils_8c_a53b5762e00daafcc3644c03e2fd9b2c4_icgraph.pdf Graphic file
 (type pdf)
<use crypt-utils_8c_a53b5762e00daafcc3644c03e2fd9b2c4_icgraph.pdf>
Package pdftex.def Info: crypt-utils_8c_a53b5762e00daafcc3644c03e2fd9b2c4_icgra
ph.pdf  used on input line 119.
(pdftex.def)             Requested size: 350.0pt x 96.95468pt.
 [86]
Underfull \hbox (badness 10000) detected at line 137
[][][]
 []


Underfull \hbox (badness 10000) detected at line 140
[][][]
 []


Underfull \hbox (badness 10000) detected at line 143
[][][]
 []

 <./crypt-utils_8c_aa377df016f593aa771013264acc9b86b_icgraph.pdf>
<crypt-utils_8c_aa377df016f593aa771013264acc9b86b_icgraph.pdf, id=5622, 372.391
25pt x 100.375pt>
File: crypt-utils_8c_aa377df016f593aa771013264acc9b86b_icgraph.pdf Graphic file
 (type pdf)
<use crypt-utils_8c_aa377df016f593aa771013264acc9b86b_icgraph.pdf>
Package pdftex.def Info: crypt-utils_8c_aa377df016f593aa771013264acc9b86b_icgra
ph.pdf  used on input line 158.
(pdftex.def)             Requested size: 350.0pt x 94.3433pt.
 [87]
Underfull \hbox (badness 10000) detected at line 178
[][][]
 []


Underfull \hbox (badness 10000) detected at line 181
[][][]
 []

 <./crypt-utils_8c_a22f528907ee4f078e333501b747d5435_icgraph.pdf>
<crypt-utils_8c_a22f528907ee4f078e333501b747d5435_icgraph.pdf, id=5642, 252.945
pt x 138.5175pt>
File: crypt-utils_8c_a22f528907ee4f078e333501b747d5435_icgraph.pdf Graphic file
 (type pdf)
<use crypt-utils_8c_a22f528907ee4f078e333501b747d5435_icgraph.pdf>
Package pdftex.def Info: crypt-utils_8c_a22f528907ee4f078e333501b747d5435_icgra
ph.pdf  used on input line 196.
(pdftex.def)             Requested size: 252.0pt x 138.00354pt.

Underfull \hbox (badness 10000) detected at line 210
[][][]
 []


Underfull \hbox (badness 10000) in paragraph at lines 211--213

 []


Underfull \hbox (badness 10000) in paragraph at lines 215--216

 []


Underfull \hbox (badness 10000) in paragraph at lines 218--223

 []

[88]
Underfull \hbox (badness 10000) detected at line 232
[][][]
 []


Underfull \hbox (badness 10000) detected at line 242
[][][]
 []


Underfull \hbox (badness 10000) detected at line 245
[][][]
 []


Underfull \hbox (badness 10000) detected at line 248
[][][]
 []

 <./crypt-utils_8c_a94b5b388b3f00982ccee72b192077e76_icgraph.pdf>
<crypt-utils_8c_a94b5b388b3f00982ccee72b192077e76_icgraph.pdf, id=5669, 228.855
pt x 138.5175pt>
File: crypt-utils_8c_a94b5b388b3f00982ccee72b192077e76_icgraph.pdf Graphic file
 (type pdf)
<use crypt-utils_8c_a94b5b388b3f00982ccee72b192077e76_icgraph.pdf>
Package pdftex.def Info: crypt-utils_8c_a94b5b388b3f00982ccee72b192077e76_icgra
ph.pdf  used on input line 267.
(pdftex.def)             Requested size: 228.0pt x 138.00565pt.
 [89]
Underfull \hbox (badness 10000) detected at line 289
[][][]
 []


Underfull \hbox (badness 10000) detected at line 292
[][][]
 []

 <./crypt-utils_8c_aa926098a8843cf0ab6bd7eb8b3bbd2e6_icgraph.pdf>
<crypt-utils_8c_aa926098a8843cf0ab6bd7eb8b3bbd2e6_icgraph.pdf, id=5689, 258.967
5pt x 100.375pt>
File: crypt-utils_8c_aa926098a8843cf0ab6bd7eb8b3bbd2e6_icgraph.pdf Graphic file
 (type pdf)
<use crypt-utils_8c_aa926098a8843cf0ab6bd7eb8b3bbd2e6_icgraph.pdf>
Package pdftex.def Info: crypt-utils_8c_aa926098a8843cf0ab6bd7eb8b3bbd2e6_icgra
ph.pdf  used on input line 307.
(pdftex.def)             Requested size: 258.0pt x 100.01021pt.

Underfull \hbox (badness 10000) detected at line 325
[][][]
 []

 <./crypt-utils_8c_a8845f5705eaafda836aac91d5881876f_cgraph.pdf>
<crypt-utils_8c_a8845f5705eaafda836aac91d5881876f_cgraph.pdf, id=5705, 271.0125
pt x 214.8025pt>
File: crypt-utils_8c_a8845f5705eaafda836aac91d5881876f_cgraph.pdf Graphic file 
(type pdf)
<use crypt-utils_8c_a8845f5705eaafda836aac91d5881876f_cgraph.pdf>
Package pdftex.def Info: crypt-utils_8c_a8845f5705eaafda836aac91d5881876f_cgrap
h.pdf  used on input line 344.
(pdftex.def)             Requested size: 270.0pt x 214.00877pt.
 [90] <./crypt-utils_8c_a8845f5705eaafda836aac91d5881876f_icgraph.pdf>
<crypt-utils_8c_a8845f5705eaafda836aac91d5881876f_icgraph.pdf, id=5722, 255.956
25pt x 100.375pt>
File: crypt-utils_8c_a8845f5705eaafda836aac91d5881876f_icgraph.pdf Graphic file
 (type pdf)
<use crypt-utils_8c_a8845f5705eaafda836aac91d5881876f_icgraph.pdf>
Package pdftex.def Info: crypt-utils_8c_a8845f5705eaafda836aac91d5881876f_icgra
ph.pdf  used on input line 351.
(pdftex.def)             Requested size: 255.0pt x 99.9995pt.

Underfull \hbox (badness 10000) detected at line 369
[][][]
 []


Underfull \hbox (badness 10000) detected at line 372
[][][]
 []

[91]
Underfull \hbox (badness 10000) detected at line 375
[][][]
 []

 <./crypt-utils_8c_a36c2342a7c47b8f41bf628bf473b1c97_icgraph.pdf>
<crypt-utils_8c_a36c2342a7c47b8f41bf628bf473b1c97_icgraph.pdf, id=5743, 362.353
74pt x 176.66pt>
File: crypt-utils_8c_a36c2342a7c47b8f41bf628bf473b1c97_icgraph.pdf Graphic file
 (type pdf)
<use crypt-utils_8c_a36c2342a7c47b8f41bf628bf473b1c97_icgraph.pdf>
Package pdftex.def Info: crypt-utils_8c_a36c2342a7c47b8f41bf628bf473b1c97_icgra
ph.pdf  used on input line 390.
(pdftex.def)             Requested size: 350.0pt x 170.64026pt.
)
(./crypt-utils_8c_source.tex [92] [93] [94]) (./crypt-utils_8h.tex <./crypt-uti
ls_8h__incl.pdf>
<crypt-utils_8h__incl.pdf, id=6003, 950.55125pt x 236.885pt>
File: crypt-utils_8h__incl.pdf Graphic file (type pdf)
<use crypt-utils_8h__incl.pdf>
Package pdftex.def Info: crypt-utils_8h__incl.pdf  used on input line 18.
(pdftex.def)             Requested size: 350.0pt x 87.22316pt.
 [95] <./crypt-utils_8h__dep__incl.pdf>
<crypt-utils_8h__dep__incl.pdf, id=6084, 474.77374pt x 180.675pt>
File: crypt-utils_8h__dep__incl.pdf Graphic file (type pdf)
<use crypt-utils_8h__dep__incl.pdf>
Package pdftex.def Info: crypt-utils_8h__dep__incl.pdf  used on input line 25.
(pdftex.def)             Requested size: 350.0pt x 133.1984pt.
 [96]
Underfull \hbox (badness 10000) detected at line 112
[][][]
 []


Underfull \hbox (badness 10000) detected at line 115
[][][]
 []

 <./crypt-utils_8h_a02ee5ac64d2d2d441edcca915e480503_icgraph.pdf>
<crypt-utils_8h_a02ee5ac64d2d2d441edcca915e480503_icgraph.pdf, id=6126, 252.945
pt x 138.5175pt>
File: crypt-utils_8h_a02ee5ac64d2d2d441edcca915e480503_icgraph.pdf Graphic file
 (type pdf)
<use crypt-utils_8h_a02ee5ac64d2d2d441edcca915e480503_icgraph.pdf>
Package pdftex.def Info: crypt-utils_8h_a02ee5ac64d2d2d441edcca915e480503_icgra
ph.pdf  used on input line 130.
(pdftex.def)             Requested size: 252.0pt x 138.00354pt.
 [97]
Underfull \hbox (badness 10000) detected at line 144
[][][]
 []


Underfull \hbox (badness 10000) in paragraph at lines 145--147

 []


Underfull \hbox (badness 10000) in paragraph at lines 149--150

 []


Underfull \hbox (badness 10000) in paragraph at lines 152--157

 []

[98]
Underfull \hbox (badness 10000) detected at line 166
[][][]
 []


Underfull \hbox (badness 10000) detected at line 176
[][][]
 []


Underfull \hbox (badness 10000) detected at line 179
[][][]
 []


Underfull \hbox (badness 10000) detected at line 182
[][][]
 []

 <./crypt-utils_8h_a94b5b388b3f00982ccee72b192077e76_icgraph.pdf>
<crypt-utils_8h_a94b5b388b3f00982ccee72b192077e76_icgraph.pdf, id=6160, 228.855
pt x 138.5175pt>
File: crypt-utils_8h_a94b5b388b3f00982ccee72b192077e76_icgraph.pdf Graphic file
 (type pdf)
<use crypt-utils_8h_a94b5b388b3f00982ccee72b192077e76_icgraph.pdf>
Package pdftex.def Info: crypt-utils_8h_a94b5b388b3f00982ccee72b192077e76_icgra
ph.pdf  used on input line 201.
(pdftex.def)             Requested size: 228.0pt x 138.00565pt.
 [99]
Underfull \hbox (badness 10000) detected at line 223
[][][]
 []


Underfull \hbox (badness 10000) detected at line 226
[][][]
 []

 <./crypt-utils_8h_a8bf9483dae26e9c0a1c45d77b8f1dce8_icgraph.pdf>
<crypt-utils_8h_a8bf9483dae26e9c0a1c45d77b8f1dce8_icgraph.pdf, id=6178, 258.967
5pt x 100.375pt>
File: crypt-utils_8h_a8bf9483dae26e9c0a1c45d77b8f1dce8_icgraph.pdf Graphic file
 (type pdf)
<use crypt-utils_8h_a8bf9483dae26e9c0a1c45d77b8f1dce8_icgraph.pdf>
Package pdftex.def Info: crypt-utils_8h_a8bf9483dae26e9c0a1c45d77b8f1dce8_icgra
ph.pdf  used on input line 241.
(pdftex.def)             Requested size: 258.0pt x 100.01021pt.

Underfull \hbox (badness 10000) detected at line 259
[][][]
 []

 <./crypt-utils_8h_a8845f5705eaafda836aac91d5881876f_cgraph.pdf>
<crypt-utils_8h_a8845f5705eaafda836aac91d5881876f_cgraph.pdf, id=6193, 271.0125
pt x 214.8025pt>
File: crypt-utils_8h_a8845f5705eaafda836aac91d5881876f_cgraph.pdf Graphic file 
(type pdf)
<use crypt-utils_8h_a8845f5705eaafda836aac91d5881876f_cgraph.pdf>
Package pdftex.def Info: crypt-utils_8h_a8845f5705eaafda836aac91d5881876f_cgrap
h.pdf  used on input line 278.
(pdftex.def)             Requested size: 270.0pt x 214.00877pt.
 [100] <./crypt-utils_8h_a8845f5705eaafda836aac91d5881876f_icgraph.pdf>
<crypt-utils_8h_a8845f5705eaafda836aac91d5881876f_icgraph.pdf, id=6209, 255.956
25pt x 100.375pt>
File: crypt-utils_8h_a8845f5705eaafda836aac91d5881876f_icgraph.pdf Graphic file
 (type pdf)
<use crypt-utils_8h_a8845f5705eaafda836aac91d5881876f_icgraph.pdf>
Package pdftex.def Info: crypt-utils_8h_a8845f5705eaafda836aac91d5881876f_icgra
ph.pdf  used on input line 285.
(pdftex.def)             Requested size: 255.0pt x 99.9995pt.

Underfull \hbox (badness 10000) detected at line 303
[][][]
 []


Underfull \hbox (badness 10000) detected at line 306
[][][]
 []

[101]
Underfull \hbox (badness 10000) detected at line 309
[][][]
 []

 <./crypt-utils_8h_a36c2342a7c47b8f41bf628bf473b1c97_icgraph.pdf>
<crypt-utils_8h_a36c2342a7c47b8f41bf628bf473b1c97_icgraph.pdf, id=6232, 362.353
74pt x 176.66pt>
File: crypt-utils_8h_a36c2342a7c47b8f41bf628bf473b1c97_icgraph.pdf Graphic file
 (type pdf)
<use crypt-utils_8h_a36c2342a7c47b8f41bf628bf473b1c97_icgraph.pdf>
Package pdftex.def Info: crypt-utils_8h_a36c2342a7c47b8f41bf628bf473b1c97_icgra
ph.pdf  used on input line 324.
(pdftex.def)             Requested size: 350.0pt x 170.64026pt.
)
(./crypt-utils_8h_source.tex) (./password__manager_8c.tex [102])
(./password__manager_8c_source.tex) (./password__manager_8h.tex <./password__ma
nager_8h__incl.pdf>
<password__manager_8h__incl.pdf, id=6287, 229.85875pt x 180.675pt>
File: password__manager_8h__incl.pdf Graphic file (type pdf)
<use password__manager_8h__incl.pdf>
Package pdftex.def Info: password__manager_8h__incl.pdf  used on input line 9.
(pdftex.def)             Requested size: 229.0pt x 180.01013pt.
 [103]) (./password__manager_8h_source.tex)
(./tcfs__utils_8c.tex <./tcfs__utils_8c__incl.pdf>
<tcfs__utils_8c__incl.pdf, id=6338, 1030.85126pt x 293.095pt>
File: tcfs__utils_8c__incl.pdf Graphic file (type pdf)
<use tcfs__utils_8c__incl.pdf>
Package pdftex.def Info: tcfs__utils_8c__incl.pdf  used on input line 14.
(pdftex.def)             Requested size: 350.0pt x 99.51233pt.
 [104]
Underfull \hbox (badness 10000) detected at line 37
[][][]
 []


Underfull \hbox (badness 10000) detected at line 66
[][][]
 []

[105]
Underfull \hbox (badness 10000) detected at line 69
[][][]
 []

 <./tcfs__utils_8c_a4316eb58a0cb5afb4e90e75a55c9b3ea_cgraph.pdf>
<tcfs__utils_8c_a4316eb58a0cb5afb4e90e75a55c9b3ea_cgraph.pdf, id=6388, 288.0762
5pt x 99.37125pt>
File: tcfs__utils_8c_a4316eb58a0cb5afb4e90e75a55c9b3ea_cgraph.pdf Graphic file 
(type pdf)
<use tcfs__utils_8c_a4316eb58a0cb5afb4e90e75a55c9b3ea_cgraph.pdf>
Package pdftex.def Info: tcfs__utils_8c_a4316eb58a0cb5afb4e90e75a55c9b3ea_cgrap
h.pdf  used on input line 84.
(pdftex.def)             Requested size: 287.0pt x 99.00406pt.

Underfull \hbox (badness 10000) detected at line 104
[][][]
 []


Underfull \hbox (badness 10000) detected at line 107
[][][]
 []

 <./tcfs__utils_8c_aac1b7fab3a13b4cfcc0b34eb7511df55_icgraph.pdf>
<tcfs__utils_8c_aac1b7fab3a13b4cfcc0b34eb7511df55_icgraph.pdf, id=6399, 255.956
25pt x 100.375pt>
File: tcfs__utils_8c_aac1b7fab3a13b4cfcc0b34eb7511df55_icgraph.pdf Graphic file
 (type pdf)
<use tcfs__utils_8c_aac1b7fab3a13b4cfcc0b34eb7511df55_icgraph.pdf>
Package pdftex.def Info: tcfs__utils_8c_aac1b7fab3a13b4cfcc0b34eb7511df55_icgra
ph.pdf  used on input line 122.
(pdftex.def)             Requested size: 255.0pt x 99.9995pt.
 [106]
Underfull \hbox (badness 10000) detected at line 140
[][][]
 []


Underfull \hbox (badness 10000) detected at line 143
[][][]
 []

 <./tcfs__utils_8c_a71e44dc105c7af8349bc3e7eb9edf2b0_icgraph.pdf>
<tcfs__utils_8c_a71e44dc105c7af8349bc3e7eb9edf2b0_icgraph.pdf, id=6420, 288.076
25pt x 99.37125pt>
File: tcfs__utils_8c_a71e44dc105c7af8349bc3e7eb9edf2b0_icgraph.pdf Graphic file
 (type pdf)
<use tcfs__utils_8c_a71e44dc105c7af8349bc3e7eb9edf2b0_icgraph.pdf>
Package pdftex.def Info: tcfs__utils_8c_a71e44dc105c7af8349bc3e7eb9edf2b0_icgra
ph.pdf  used on input line 158.
(pdftex.def)             Requested size: 287.0pt x 99.00406pt.
 [107]
Underfull \hbox (badness 10000) detected at line 178
[][][]
 []


Underfull \hbox (badness 10000) detected at line 181
[][][]
 []

 <./tcfs__utils_8c_ac4ff59963f4a122c9f802c0c2bf2abc8_icgraph.pdf>
<tcfs__utils_8c_ac4ff59963f4a122c9f802c0c2bf2abc8_icgraph.pdf, id=6463, 371.387
5pt x 926.46124pt>
File: tcfs__utils_8c_ac4ff59963f4a122c9f802c0c2bf2abc8_icgraph.pdf Graphic file
 (type pdf)
<use tcfs__utils_8c_ac4ff59963f4a122c9f802c0c2bf2abc8_icgraph.pdf>
Package pdftex.def Info: tcfs__utils_8c_ac4ff59963f4a122c9f802c0c2bf2abc8_icgra
ph.pdf  used on input line 196.
(pdftex.def)             Requested size: 220.47678pt x 550.0pt.
 [108]
[109]
Underfull \hbox (badness 10000) detected at line 211
[][][]
 []


Underfull \hbox (badness 10000) detected at line 219
[][][]
 []

 <./tcfs__utils_8c_a8c1c24299a2b01f6157b051cb56ebc52_icgraph.pdf>
<tcfs__utils_8c_a8c1c24299a2b01f6157b051cb56ebc52_icgraph.pdf, id=6485, 369.38p
t x 100.375pt>
File: tcfs__utils_8c_a8c1c24299a2b01f6157b051cb56ebc52_icgraph.pdf Graphic file
 (type pdf)
<use tcfs__utils_8c_a8c1c24299a2b01f6157b051cb56ebc52_icgraph.pdf>
Package pdftex.def Info: tcfs__utils_8c_a8c1c24299a2b01f6157b051cb56ebc52_icgra
ph.pdf  used on input line 234.
(pdftex.def)             Requested size: 350.0pt x 95.1091pt.

Underfull \hbox (badness 10000) detected at line 254
[][][]
 []

[110]
Underfull \hbox (badness 10000) detected at line 257
[][][]
 []

) (./tcfs__utils_8c_source.tex [111]) (./tcfs__utils_8h.tex <./tcfs__utils_8h__
incl.pdf>
<tcfs__utils_8h__incl.pdf, id=6591, 531.9875pt x 168.63pt>
File: tcfs__utils_8h__incl.pdf Graphic file (type pdf)
<use tcfs__utils_8h__incl.pdf>
Package pdftex.def Info: tcfs__utils_8h__incl.pdf  used on input line 14.
(pdftex.def)             Requested size: 350.0pt x 110.9462pt.
 [112] <./tcfs__utils_8h__dep__incl.pdf>
<tcfs__utils_8h__dep__incl.pdf, id=6665, 474.77374pt x 248.93pt>
File: tcfs__utils_8h__dep__incl.pdf Graphic file (type pdf)
<use tcfs__utils_8h__dep__incl.pdf>
Package pdftex.def Info: tcfs__utils_8h__dep__incl.pdf  used on input line 21.
(pdftex.def)             Requested size: 350.0pt x 183.5178pt.
 [113]
Underfull \hbox (badness 10000) detected at line 61
[][][]
 []


Underfull \hbox (badness 10000) detected at line 64
[][][]
 []

 <./tcfs__utils_8h_a4316eb58a0cb5afb4e90e75a55c9b3ea_cgraph.pdf>
<tcfs__utils_8h_a4316eb58a0cb5afb4e90e75a55c9b3ea_cgraph.pdf, id=6695, 287.0725
pt x 100.375pt>
File: tcfs__utils_8h_a4316eb58a0cb5afb4e90e75a55c9b3ea_cgraph.pdf Graphic file 
(type pdf)
<use tcfs__utils_8h_a4316eb58a0cb5afb4e90e75a55c9b3ea_cgraph.pdf>
Package pdftex.def Info: tcfs__utils_8h_a4316eb58a0cb5afb4e90e75a55c9b3ea_cgrap
h.pdf  used on input line 79.
(pdftex.def)             Requested size: 286.0pt x 100.00255pt.

Underfull \hbox (badness 10000) detected at line 99
[][][]
 []

[114]
Underfull \hbox (badness 10000) detected at line 102
[][][]
 []

 <./tcfs__utils_8h_aac1b7fab3a13b4cfcc0b34eb7511df55_icgraph.pdf>
<tcfs__utils_8h_aac1b7fab3a13b4cfcc0b34eb7511df55_icgraph.pdf, id=6714, 255.956
25pt x 100.375pt>
File: tcfs__utils_8h_aac1b7fab3a13b4cfcc0b34eb7511df55_icgraph.pdf Graphic file
 (type pdf)
<use tcfs__utils_8h_aac1b7fab3a13b4cfcc0b34eb7511df55_icgraph.pdf>
Package pdftex.def Info: tcfs__utils_8h_aac1b7fab3a13b4cfcc0b34eb7511df55_icgra
ph.pdf  used on input line 117.
(pdftex.def)             Requested size: 255.0pt x 99.9995pt.

Underfull \hbox (badness 10000) detected at line 135
[][][]
 []


Underfull \hbox (badness 10000) detected at line 138
[][][]
 []

 <./tcfs__utils_8h_a71e44dc105c7af8349bc3e7eb9edf2b0_icgraph.pdf>
<tcfs__utils_8h_a71e44dc105c7af8349bc3e7eb9edf2b0_icgraph.pdf, id=6725, 287.072
5pt x 100.375pt>
File: tcfs__utils_8h_a71e44dc105c7af8349bc3e7eb9edf2b0_icgraph.pdf Graphic file
 (type pdf)
<use tcfs__utils_8h_a71e44dc105c7af8349bc3e7eb9edf2b0_icgraph.pdf>
Package pdftex.def Info: tcfs__utils_8h_a71e44dc105c7af8349bc3e7eb9edf2b0_icgra
ph.pdf  used on input line 153.
(pdftex.def)             Requested size: 286.0pt x 100.00255pt.
 [115]
Underfull \hbox (badness 10000) detected at line 173
[][][]
 []


Underfull \hbox (badness 10000) detected at line 176
[][][]
 []

 <./tcfs__utils_8h_ac4ff59963f4a122c9f802c0c2bf2abc8_icgraph.pdf>
<tcfs__utils_8h_ac4ff59963f4a122c9f802c0c2bf2abc8_icgraph.pdf, id=6767, 371.387
5pt x 926.46124pt>
File: tcfs__utils_8h_ac4ff59963f4a122c9f802c0c2bf2abc8_icgraph.pdf Graphic file
 (type pdf)
<use tcfs__utils_8h_ac4ff59963f4a122c9f802c0c2bf2abc8_icgraph.pdf>
Package pdftex.def Info: tcfs__utils_8h_ac4ff59963f4a122c9f802c0c2bf2abc8_icgra
ph.pdf  used on input line 191.
(pdftex.def)             Requested size: 220.47678pt x 550.0pt.
 [116]
[117]
Underfull \hbox (badness 10000) detected at line 206
[][][]
 []


Underfull \hbox (badness 10000) detected at line 214
[][][]
 []

 <./tcfs__utils_8h_a8c1c24299a2b01f6157b051cb56ebc52_icgraph.pdf>
<tcfs__utils_8h_a8c1c24299a2b01f6157b051cb56ebc52_icgraph.pdf, id=6790, 369.38p
t x 100.375pt>
File: tcfs__utils_8h_a8c1c24299a2b01f6157b051cb56ebc52_icgraph.pdf Graphic file
 (type pdf)
<use tcfs__utils_8h_a8c1c24299a2b01f6157b051cb56ebc52_icgraph.pdf>
Package pdftex.def Info: tcfs__utils_8h_a8c1c24299a2b01f6157b051cb56ebc52_icgra
ph.pdf  used on input line 229.
(pdftex.def)             Requested size: 350.0pt x 95.1091pt.

Underfull \hbox (badness 10000) detected at line 249
[][][]
 []

[118]
Underfull \hbox (badness 10000) detected at line 252
[][][]
 []

) (./tcfs__utils_8h_source.tex) [119] [120

] (./refman.ind
LaTeX Font Info:    Font shape `T1/phv/m/n' will be
(Font)              scaled to size 22.39185pt on input line 1.
 [121


] [122] [123]
Overfull \hbox (41.29834pt too wide) in paragraph at lines 413--415
[]\T1/phv/m/n/10 userspace-module/utils/password_manager/password_manager.c,
 []


Overfull \hbox (41.80228pt too wide) in paragraph at lines 415--417
[]\T1/phv/m/n/10 userspace-module/utils/password_manager/password_manager.h,
 []

[124

]) (./refman.aux)
Package rerunfilecheck Info: File `refman.out' has not changed.
(rerunfilecheck)             Checksum: 52F533A66274A47403AE0B7F572DE41A;47713.
 ) 
Here is how much of TeX's memory you used:
 22876 strings out of 477985
 443579 string characters out of 5839380
 1883388 words of memory out of 6000000
 39184 multiletter control sequences out of 15000+600000
 570794 words of font info for 111 fonts, out of 8000000 for 9000
 14 hyphenation exceptions out of 8191
 101i,16n,117p,1546b,740s stack positions out of 10000i,1000n,20000p,200000b,200000s
</usr/share/texlive/texmf-dist/fonts/type1/public/amsfonts/cm/cmmi10.pfb></us
r/share/texlive/texmf-dist/fonts/type1/public/amsfonts/cm/cmmi7.pfb></usr/share
/texlive/texmf-dist/fonts/type1/public/amsfonts/cm/cmsy10.pfb></usr/share/texli
ve/texmf-dist/fonts/type1/public/amsfonts/cm/cmsy7.pfb></usr/share/texlive/texm
f-dist/fonts/type1/public/amsfonts/cm/cmsy8.pfb></usr/share/texlive/texmf-dist/
fonts/type1/public/amsfonts/cm/cmsy9.pfb></usr/share/texlive/texmf-dist/fonts/t
ype1/urw/courier/ucrr8a.pfb></usr/share/texlive/texmf-dist/fonts/type1/urw/cour
ier/ucrro8a.pfb></usr/share/texlive/texmf-dist/fonts/type1/urw/helvetic/uhvb8a.
pfb></usr/share/texlive/texmf-dist/fonts/type1/urw/helvetic/uhvb8ac.pfb></usr/s
hare/texlive/texmf-dist/fonts/type1/urw/helvetic/uhvr8a.pfb></usr/share/texlive
/texmf-dist/fonts/type1/urw/helvetic/uhvro8a.pfb>
Output written on refman.pdf (132 pages, 1098510 bytes).
PDF statistics:
 7894 PDF objects out of 8907 (max. 8388607)
 7373 compressed objects within 74 object streams
 3422 named destinations out of 3580 (max. 500000)
 2304 words of extra memory for PDF output out of 10000 (max. 10000000)

